This is XeTeX, Version 3.14159265-2.6-0.99996 (MiKTeX 2.9 64-bit) (preloaded format=xelatex 2017.4.3)  30 AUG 2018 15:03
entering extended mode
**./modelo_Deficít_Cuasifiscal_remuneración_de_encaje.tex
(modelo_Deficít_Cuasifiscal_remuneración_de_encaje.tex
LaTeX2e <2016/03/31> patch level 3
Babel <3.9r> and hyphenation patterns for 75 language(s) loaded.

("C:\Users\lortiz.SECMCA\AppData\Local\Programs\MiKTeX 2.9\tex\latex\beamer\bea
mer.cls"
Document Class: beamer 2017/01/23 v3.41 A class for typesetting presentations

("C:\Users\lortiz.SECMCA\AppData\Local\Programs\MiKTeX 2.9\tex\latex\etoolbox\e
toolbox.sty"
Package: etoolbox 2017/01/02 v2.4 e-TeX tools for LaTeX (JAW)
\etb@tempcnta=\count79
)
("C:\Users\lortiz.SECMCA\AppData\Local\Programs\MiKTeX 2.9\tex\latex\beamer\bea
merbasemodes.sty"
\beamer@tempbox=\box26
\beamer@tempcount=\count80
\c@beamerpauses=\count81

("C:\Users\lortiz.SECMCA\AppData\Local\Programs\MiKTeX 2.9\tex\latex\beamer\bea
merbasedecode.sty"
\beamer@slideinframe=\count82
\beamer@minimum=\count83
)
\beamer@commentbox=\box27
\beamer@modecount=\count84
)
("C:\Users\lortiz.SECMCA\AppData\Local\Programs\MiKTeX 2.9\tex\generic\oberdiek
\ifpdf.sty"
Package: ifpdf 2016/05/14 v3.1 Provides the ifpdf switch
)
\headheight=\dimen102
\headdp=\dimen103
\footheight=\dimen104
\sidebarheight=\dimen105
\beamer@tempdim=\dimen106
\beamer@finalheight=\dimen107
\beamer@animht=\dimen108
\beamer@animdp=\dimen109
\beamer@animwd=\dimen110
\beamer@leftmargin=\dimen111
\beamer@rightmargin=\dimen112
\beamer@leftsidebar=\dimen113
\beamer@rightsidebar=\dimen114
\beamer@boxsize=\dimen115
\beamer@vboxoffset=\dimen116
\beamer@descdefault=\dimen117
\beamer@descriptionwidth=\dimen118
\beamer@lastskip=\skip41
\beamer@areabox=\box28
\beamer@animcurrent=\box29
\beamer@animshowbox=\box30
\beamer@sectionbox=\box31
\beamer@logobox=\box32
\beamer@linebox=\box33
\beamer@sectioncount=\count85
\beamer@subsubsectionmax=\count86
\beamer@subsectionmax=\count87
\beamer@sectionmax=\count88
\beamer@totalheads=\count89
\beamer@headcounter=\count90
\beamer@partstartpage=\count91
\beamer@sectionstartpage=\count92
\beamer@subsectionstartpage=\count93
\beamer@animationtempa=\count94
\beamer@animationtempb=\count95
\beamer@xpos=\count96
\beamer@ypos=\count97
\beamer@showpartnumber=\count98
\beamer@currentsubsection=\count99
\beamer@coveringdepth=\count100
\beamer@sectionadjust=\count101
\beamer@tocsectionnumber=\count102

("C:\Users\lortiz.SECMCA\AppData\Local\Programs\MiKTeX 2.9\tex\latex\beamer\bea
merbaseoptions.sty"
("C:\Users\lortiz.SECMCA\AppData\Local\Programs\MiKTeX 2.9\tex\latex\graphics\k
eyval.sty"
Package: keyval 2014/10/28 v1.15 key=value parser (DPC)
\KV@toks@=\toks14
))
\beamer@paperwidth=\skip42
\beamer@paperheight=\skip43

("C:\Users\lortiz.SECMCA\AppData\Local\Programs\MiKTeX 2.9\tex\latex\geometry\g
eometry.sty"
Package: geometry 2010/09/12 v5.6 Page Geometry

("C:\Users\lortiz.SECMCA\AppData\Local\Programs\MiKTeX 2.9\tex\generic\oberdiek
\ifvtex.sty"
Package: ifvtex 2016/05/16 v1.6 Detect VTeX and its facilities (HO)
Package ifvtex Info: VTeX not detected.
)
("C:\Users\lortiz.SECMCA\AppData\Local\Programs\MiKTeX 2.9\tex\generic\ifxetex\
ifxetex.sty"
Package: ifxetex 2010/09/12 v0.6 Provides ifxetex conditional
)
\Gm@cnth=\count103
\Gm@cntv=\count104
\c@Gm@tempcnt=\count105
\Gm@bindingoffset=\dimen119
\Gm@wd@mp=\dimen120
\Gm@odd@mp=\dimen121
\Gm@even@mp=\dimen122
\Gm@layoutwidth=\dimen123
\Gm@layoutheight=\dimen124
\Gm@layouthoffset=\dimen125
\Gm@layoutvoffset=\dimen126
\Gm@dimlist=\toks15

("C:\Users\lortiz.SECMCA\AppData\Local\Programs\MiKTeX 2.9\tex\xelatex\xetexcon
fig\geometry.cfg"))
("C:\Users\lortiz.SECMCA\AppData\Local\Programs\MiKTeX 2.9\tex\latex\base\size1
0.clo"
File: size10.clo 2014/09/29 v1.4h Standard LaTeX file (size option)
) (C:\localtexmf\tex\latex\base\tex\pgfcore.sty
("C:\Users\lortiz.SECMCA\AppData\Local\Programs\MiKTeX 2.9\tex\latex\graphics\g
raphicx.sty"
Package: graphicx 2014/10/28 v1.0g Enhanced LaTeX Graphics (DPC,SPQR)

("C:\Users\lortiz.SECMCA\AppData\Local\Programs\MiKTeX 2.9\tex\latex\graphics\g
raphics.sty"
Package: graphics 2016/07/10 v1.0t Standard LaTeX Graphics (DPC,SPQR)

("C:\Users\lortiz.SECMCA\AppData\Local\Programs\MiKTeX 2.9\tex\latex\graphics\t
rig.sty"
Package: trig 2016/01/03 v1.10 sin cos tan (DPC)
)
("C:\Users\lortiz.SECMCA\AppData\Local\Programs\MiKTeX 2.9\tex\latex\00miktex\g
raphics.cfg"
File: graphics.cfg 2016/06/04 v1.11 sample graphics configuration
)
Package graphics Info: Driver file: xetex.def on input line 99.

("C:\Users\lortiz.SECMCA\AppData\Local\Programs\MiKTeX 2.9\tex\latex\graphics-d
ef\xetex.def"
File: xetex.def 2016/07/11 v4.10 LaTeX color/graphics driver for XeTeX (L3/RRM/
JK)
))
\Gin@req@height=\dimen127
\Gin@req@width=\dimen128
) (C:\localtexmf\tex\latex\base\tex\pgfsys.sty
(C:\localtexmf\tex\latex\base\tex\pgfrcs.sty
(C:\localtexmf\tex\latex\base\tex\pgfutil-common.tex
\pgfutil@everybye=\toks16
\pgfutil@tempdima=\dimen129
\pgfutil@tempdimb=\dimen130

(C:\localtexmf\tex\latex\base\tex\pgfutil-common-lists.tex))
(C:\localtexmf\tex\latex\base\tex\pgfutil-latex.def
\pgfutil@abb=\box34

(C:\localtexmf\tex\latex\ms\everyshi.sty
Package: everyshi 2001/05/15 v3.00 EveryShipout Package (MS)
))
(C:\localtexmf\tex\latex\base\tex\pgfrcs.code.tex
Package: pgfrcs 2015/08/07 v3.0.1a (rcs-revision 1.31)
))
(C:\localtexmf\tex\latex\base\tex\pgfsys.code.tex
Package: pgfsys 2014/07/09 v3.0.1a (rcs-revision 1.48)

(C:\localtexmf\tex\latex\base\tex\pgfkeys.code.tex
\pgfkeys@pathtoks=\toks17
\pgfkeys@temptoks=\toks18

(C:\localtexmf\tex\latex\base\tex\pgfkeysfiltered.code.tex
\pgfkeys@tmptoks=\toks19
))
\pgf@x=\dimen131
\pgf@y=\dimen132
\pgf@xa=\dimen133
\pgf@ya=\dimen134
\pgf@xb=\dimen135
\pgf@yb=\dimen136
\pgf@xc=\dimen137
\pgf@yc=\dimen138
\w@pgf@writea=\write3
\r@pgf@reada=\read1
\c@pgf@counta=\count106
\c@pgf@countb=\count107
\c@pgf@countc=\count108
\c@pgf@countd=\count109
\t@pgf@toka=\toks20
\t@pgf@tokb=\toks21
\t@pgf@tokc=\toks22

(C:\localtexmf\tex\latex\base\tex\pgf.cfg
File: pgf.cfg 2008/05/14  (rcs-revision 1.7)
)
Driver file for pgf: pgfsys-xetex.def

(C:\localtexmf\tex\latex\base\tex\pgfsys-xetex.def
File: pgfsys-xetex.def 2014/07/09  (rcs-revision 1.11)

(C:\localtexmf\tex\latex\base\tex\pgfsys-dvipdfmx.def
File: pgfsys-dvipdfmx.def 2014/07/09  (rcs-revision 1.14)

(C:\localtexmf\tex\latex\base\tex\pgfsys-common-pdf.def
File: pgfsys-common-pdf.def 2013/10/10  (rcs-revision 1.13)
)
\pgfsys@objnum=\count110
)))
(C:\localtexmf\tex\latex\base\tex\pgfsyssoftpath.code.tex
File: pgfsyssoftpath.code.tex 2013/09/09  (rcs-revision 1.9)
\pgfsyssoftpath@smallbuffer@items=\count111
\pgfsyssoftpath@bigbuffer@items=\count112
)
(C:\localtexmf\tex\latex\base\tex\pgfsysprotocol.code.tex
File: pgfsysprotocol.code.tex 2006/10/16  (rcs-revision 1.4)
))
("C:\Users\lortiz.SECMCA\AppData\Local\Programs\MiKTeX 2.9\tex\latex\xcolor\xco
lor.sty"
Package: xcolor 2016/05/11 v2.12 LaTeX color extensions (UK)

("C:\Users\lortiz.SECMCA\AppData\Local\Programs\MiKTeX 2.9\tex\latex\00miktex\c
olor.cfg"
File: color.cfg 2016/01/02 v1.6 sample color configuration
)
Package xcolor Info: Driver file: xetex.def on input line 225.

("C:\Users\lortiz.SECMCA\AppData\Local\Programs\MiKTeX 2.9\tex\latex\colortbl\c
olortbl.sty"
Package: colortbl 2012/02/13 v1.0a Color table columns (DPC)

("C:\Users\lortiz.SECMCA\AppData\Local\Programs\MiKTeX 2.9\tex\latex\tools\arra
y.sty"
Package: array 2014/10/28 v2.4c Tabular extension package (FMi)
\col@sep=\dimen139
\extrarowheight=\dimen140
\NC@list=\toks23
\extratabsurround=\skip44
\backup@length=\skip45
)
\everycr=\toks24
\minrowclearance=\skip46
)
\rownum=\count113
Package xcolor Info: Model `cmy' substituted by `cmy0' on input line 1348.
Package xcolor Info: Model `RGB' extended on input line 1364.
Package xcolor Info: Model `HTML' substituted by `rgb' on input line 1366.
Package xcolor Info: Model `Hsb' substituted by `hsb' on input line 1367.
Package xcolor Info: Model `tHsb' substituted by `hsb' on input line 1368.
Package xcolor Info: Model `HSB' substituted by `hsb' on input line 1369.
Package xcolor Info: Model `Gray' substituted by `gray' on input line 1370.
Package xcolor Info: Model `wave' substituted by `hsb' on input line 1371.

("C:\Users\lortiz.SECMCA\AppData\Local\Programs\MiKTeX 2.9\tex\latex\xcolor\x11
nam.def"
File: x11nam.def 2016/05/11 v2.12 Predefined colors according to Unix/X11 (UK)
)) (C:\localtexmf\tex\latex\base\tex\pgfcore.code.tex
Package: pgfcore 2010/04/11 v3.0.1a (rcs-revision 1.7)

(C:\localtexmf\tex\latex\base\tex\pgfmath.code.tex
(C:\localtexmf\tex\latex\base\tex\pgfmathcalc.code.tex
(C:\localtexmf\tex\latex\base\tex\pgfmathutil.code.tex)
(C:\localtexmf\tex\latex\base\tex\pgfmathparser.code.tex
\pgfmath@dimen=\dimen141
\pgfmath@count=\count114
\pgfmath@box=\box35
\pgfmath@toks=\toks25
\pgfmath@stack@operand=\toks26
\pgfmath@stack@operation=\toks27
)
(C:\localtexmf\tex\latex\base\tex\pgfmathfunctions.code.tex
(C:\localtexmf\tex\latex\base\tex\pgfmathfunctions.basic.code.tex)
(C:\localtexmf\tex\latex\base\tex\pgfmathfunctions.trigonometric.code.tex)
(C:\localtexmf\tex\latex\base\tex\pgfmathfunctions.random.code.tex)
(C:\localtexmf\tex\latex\base\tex\pgfmathfunctions.comparison.code.tex)
(C:\localtexmf\tex\latex\base\tex\pgfmathfunctions.base.code.tex)
(C:\localtexmf\tex\latex\base\tex\pgfmathfunctions.round.code.tex)
(C:\localtexmf\tex\latex\base\tex\pgfmathfunctions.misc.code.tex)
(C:\localtexmf\tex\latex\base\tex\pgfmathfunctions.integerarithmetics.code.tex)
)) (C:\localtexmf\tex\latex\base\tex\pgfmathfloat.code.tex
\c@pgfmathroundto@lastzeros=\count115
))
(C:\localtexmf\tex\latex\base\tex\pgfcorepoints.code.tex
File: pgfcorepoints.code.tex 2013/10/07  (rcs-revision 1.27)
\pgf@picminx=\dimen142
\pgf@picmaxx=\dimen143
\pgf@picminy=\dimen144
\pgf@picmaxy=\dimen145
\pgf@pathminx=\dimen146
\pgf@pathmaxx=\dimen147
\pgf@pathminy=\dimen148
\pgf@pathmaxy=\dimen149
\pgf@xx=\dimen150
\pgf@xy=\dimen151
\pgf@yx=\dimen152
\pgf@yy=\dimen153
\pgf@zx=\dimen154
\pgf@zy=\dimen155
)
(C:\localtexmf\tex\latex\base\tex\pgfcorepathconstruct.code.tex
File: pgfcorepathconstruct.code.tex 2013/10/07  (rcs-revision 1.29)
\pgf@path@lastx=\dimen156
\pgf@path@lasty=\dimen157
)
(C:\localtexmf\tex\latex\base\tex\pgfcorepathusage.code.tex
File: pgfcorepathusage.code.tex 2014/11/02  (rcs-revision 1.24)
\pgf@shorten@end@additional=\dimen158
\pgf@shorten@start@additional=\dimen159
)
(C:\localtexmf\tex\latex\base\tex\pgfcorescopes.code.tex
File: pgfcorescopes.code.tex 2015/05/08  (rcs-revision 1.46)
\pgfpic=\box36
\pgf@hbox=\box37
\pgf@layerbox@main=\box38
\pgf@picture@serial@count=\count116
)
(C:\localtexmf\tex\latex\base\tex\pgfcoregraphicstate.code.tex
File: pgfcoregraphicstate.code.tex 2014/11/02  (rcs-revision 1.12)
\pgflinewidth=\dimen160
)
(C:\localtexmf\tex\latex\base\tex\pgfcoretransformations.code.tex
File: pgfcoretransformations.code.tex 2015/08/07  (rcs-revision 1.20)
\pgf@pt@x=\dimen161
\pgf@pt@y=\dimen162
\pgf@pt@temp=\dimen163
)
(C:\localtexmf\tex\latex\base\tex\pgfcorequick.code.tex
File: pgfcorequick.code.tex 2008/10/09  (rcs-revision 1.3)
)
(C:\localtexmf\tex\latex\base\tex\pgfcoreobjects.code.tex
File: pgfcoreobjects.code.tex 2006/10/11  (rcs-revision 1.2)
)
(C:\localtexmf\tex\latex\base\tex\pgfcorepathprocessing.code.tex
File: pgfcorepathprocessing.code.tex 2013/09/09  (rcs-revision 1.9)
)
(C:\localtexmf\tex\latex\base\tex\pgfcorearrows.code.tex
File: pgfcorearrows.code.tex 2015/05/14  (rcs-revision 1.43)
\pgfarrowsep=\dimen164
)
(C:\localtexmf\tex\latex\base\tex\pgfcoreshade.code.tex
File: pgfcoreshade.code.tex 2013/07/15  (rcs-revision 1.15)
\pgf@max=\dimen165
\pgf@sys@shading@range@num=\count117
)
(C:\localtexmf\tex\latex\base\tex\pgfcoreimage.code.tex
File: pgfcoreimage.code.tex 2013/07/15  (rcs-revision 1.18)

(C:\localtexmf\tex\latex\base\tex\pgfcoreexternal.code.tex
File: pgfcoreexternal.code.tex 2014/07/09  (rcs-revision 1.21)
\pgfexternal@startupbox=\box39
))
(C:\localtexmf\tex\latex\base\tex\pgfcorelayers.code.tex
File: pgfcorelayers.code.tex 2013/07/18  (rcs-revision 1.7)
)
(C:\localtexmf\tex\latex\base\tex\pgfcoretransparency.code.tex
File: pgfcoretransparency.code.tex 2013/09/30  (rcs-revision 1.5)
)
(C:\localtexmf\tex\latex\base\tex\pgfcorepatterns.code.tex
File: pgfcorepatterns.code.tex 2013/11/07  (rcs-revision 1.5)
)))
(C:\localtexmf\tex\latex\base\tex\xxcolor.sty
Package: xxcolor 2003/10/24 ver 0.1
\XC@nummixins=\count118
\XC@countmixins=\count119
)
("C:\Users\lortiz.SECMCA\AppData\Local\Programs\MiKTeX 2.9\tex\generic\oberdiek
\atbegshi.sty"
Package: atbegshi 2016/06/09 v1.18 At begin shipout hook (HO)

("C:\Users\lortiz.SECMCA\AppData\Local\Programs\MiKTeX 2.9\tex\generic\oberdiek
\infwarerr.sty"
Package: infwarerr 2016/05/16 v1.4 Providing info/warning/error messages (HO)
)
("C:\Users\lortiz.SECMCA\AppData\Local\Programs\MiKTeX 2.9\tex\generic\oberdiek
\ltxcmds.sty"
Package: ltxcmds 2016/05/16 v1.23 LaTeX kernel commands for general use (HO)
))
("C:\Users\lortiz.SECMCA\AppData\Local\Programs\MiKTeX 2.9\tex\latex\hyperref\h
yperref.sty"
Package: hyperref 2016/06/24 v6.83q Hypertext links for LaTeX

("C:\Users\lortiz.SECMCA\AppData\Local\Programs\MiKTeX 2.9\tex\generic\oberdiek
\hobsub-hyperref.sty"
Package: hobsub-hyperref 2016/05/16 v1.14 Bundle oberdiek, subset hyperref (HO)


("C:\Users\lortiz.SECMCA\AppData\Local\Programs\MiKTeX 2.9\tex\generic\oberdiek
\hobsub-generic.sty"
Package: hobsub-generic 2016/05/16 v1.14 Bundle oberdiek, subset generic (HO)
Package: hobsub 2016/05/16 v1.14 Construct package bundles (HO)
Package hobsub Info: Skipping package `infwarerr' (already loaded).
Package hobsub Info: Skipping package `ltxcmds' (already loaded).
Package: ifluatex 2016/05/16 v1.4 Provides the ifluatex switch (HO)
Package ifluatex Info: LuaTeX not detected.
Package hobsub Info: Skipping package `ifvtex' (already loaded).
Package: intcalc 2016/05/16 v1.2 Expandable calculations with integers (HO)
Package hobsub Info: Skipping package `ifpdf' (already loaded).
Package: etexcmds 2016/05/16 v1.6 Avoid name clashes with e-TeX commands (HO)
Package etexcmds Info: Could not find \expanded.
(etexcmds)             That can mean that you are not using pdfTeX 1.50 or
(etexcmds)             that some package has redefined \expanded.
(etexcmds)             In the latter case, load this package earlier.
Package: kvsetkeys 2016/05/16 v1.17 Key value parser (HO)
Package: kvdefinekeys 2016/05/16 v1.4 Define keys (HO)
Package: pdftexcmds 2016/05/21 v0.22 Utility functions of pdfTeX for LuaTeX (HO
)
Package pdftexcmds Info: LuaTeX not detected.
Package pdftexcmds Info: pdfTeX >= 1.30 not detected.
Package pdftexcmds Info: \pdf@primitive is available.
Package pdftexcmds Info: \pdf@ifprimitive is available.
Package pdftexcmds Info: \pdfdraftmode not found.
Package: pdfescape 2016/05/16 v1.14 Implements pdfTeX's escape features (HO)
Package: bigintcalc 2016/05/16 v1.4 Expandable calculations on big integers (HO
)
Package: bitset 2016/05/16 v1.2 Handle bit-vector datatype (HO)
Package: uniquecounter 2016/05/16 v1.3 Provide unlimited unique counter (HO)
)
Package hobsub Info: Skipping package `hobsub' (already loaded).
Package: letltxmacro 2016/05/16 v1.5 Let assignment for LaTeX macros (HO)
Package: hopatch 2016/05/16 v1.3 Wrapper for package hooks (HO)
Package: xcolor-patch 2016/05/16 xcolor patch
Package: atveryend 2016/05/16 v1.9 Hooks at the very end of document (HO)
Package hobsub Info: Skipping package `atbegshi' (already loaded).
Package: refcount 2016/05/16 v3.5 Data extraction from label references (HO)
Package: hycolor 2016/05/16 v1.8 Color options for hyperref/bookmark (HO)
)
("C:\Users\lortiz.SECMCA\AppData\Local\Programs\MiKTeX 2.9\tex\latex\oberdiek\a
uxhook.sty"
Package: auxhook 2016/05/16 v1.4 Hooks for auxiliary files (HO)
)
("C:\Users\lortiz.SECMCA\AppData\Local\Programs\MiKTeX 2.9\tex\latex\oberdiek\k
voptions.sty"
Package: kvoptions 2016/05/16 v3.12 Key value format for package options (HO)
)
\@linkdim=\dimen166
\Hy@linkcounter=\count120
\Hy@pagecounter=\count121

("C:\Users\lortiz.SECMCA\AppData\Local\Programs\MiKTeX 2.9\tex\latex\hyperref\p
d1enc.def"
File: pd1enc.def 2016/06/24 v6.83q Hyperref: PDFDocEncoding definition (HO)
)
\Hy@SavedSpaceFactor=\count122

("C:\Users\lortiz.SECMCA\AppData\Local\Programs\MiKTeX 2.9\tex\latex\00miktex\h
yperref.cfg"
File: hyperref.cfg 2002/06/06 v1.2 hyperref configuration of TeXLive
)
Package hyperref Info: Option `bookmarks' set `true' on input line 4362.
Package hyperref Info: Option `bookmarksopen' set `true' on input line 4362.
Package hyperref Info: Option `implicit' set `false' on input line 4362.
Package hyperref Info: Hyper figures OFF on input line 4486.
Package hyperref Info: Link nesting OFF on input line 4491.
Package hyperref Info: Hyper index ON on input line 4494.
Package hyperref Info: Plain pages OFF on input line 4501.
Package hyperref Info: Backreferencing OFF on input line 4506.
Package hyperref Info: Implicit mode OFF; no redefinition of LaTeX internals.
Package hyperref Info: Bookmarks ON on input line 4735.
\c@Hy@tempcnt=\count123

("C:\Users\lortiz.SECMCA\AppData\Local\Programs\MiKTeX 2.9\tex\latex\url\url.st
y"
\Urlmuskip=\muskip10
Package: url 2013/09/16  ver 3.4  Verb mode for urls, etc.
)
LaTeX Info: Redefining \url on input line 5088.
\XeTeXLinkMargin=\dimen167
\Fld@menulength=\count124
\Field@Width=\dimen168
\Fld@charsize=\dimen169
Package hyperref Info: Hyper figures OFF on input line 6342.
Package hyperref Info: Link nesting OFF on input line 6347.
Package hyperref Info: Hyper index ON on input line 6350.
Package hyperref Info: backreferencing OFF on input line 6357.
Package hyperref Info: Link coloring OFF on input line 6362.
Package hyperref Info: Link coloring with OCG OFF on input line 6367.
Package hyperref Info: PDF/A mode OFF on input line 6372.
LaTeX Info: Redefining \ref on input line 6412.
LaTeX Info: Redefining \pageref on input line 6416.
\Hy@abspage=\count125


Package hyperref Message: Stopped early.

)

Package hyperref Message: Driver (autodetected): hxetex.


("C:\Users\lortiz.SECMCA\AppData\Local\Programs\MiKTeX 2.9\tex\latex\hyperref\h
xetex.def"
File: hxetex.def 2016/06/24 v6.83q Hyperref driver for XeTeX

("C:\Users\lortiz.SECMCA\AppData\Local\Programs\MiKTeX 2.9\tex\latex\hyperref\p
uenc.def"
File: puenc.def 2016/06/24 v6.83q Hyperref: PDF Unicode definition (HO)
)
("C:\Users\lortiz.SECMCA\AppData\Local\Programs\MiKTeX 2.9\tex\generic\oberdiek
\stringenc.sty"
Package: stringenc 2016/05/16 v1.11 Convert strings between diff. encodings (HO
)
)
\pdfm@box=\box40
\c@Hy@AnnotLevel=\count126
\HyField@AnnotCount=\count127
\Fld@listcount=\count128
\c@bookmark@seq@number=\count129

("C:\Users\lortiz.SECMCA\AppData\Local\Programs\MiKTeX 2.9\tex\latex\oberdiek\r
erunfilecheck.sty"
Package: rerunfilecheck 2016/05/16 v1.8 Rerun checks for auxiliary files (HO)
Package rerunfilecheck Info: Feature \pdfmdfivesum is not available
(rerunfilecheck)             (e.g. pdfTeX or LuaTeX with package `pdftexcmds').

(rerunfilecheck)             Therefore file contents cannot be checked efficien
tly
(rerunfilecheck)             and the loading of the package is aborted.
))
("C:\Users\lortiz.SECMCA\AppData\Local\Programs\MiKTeX 2.9\tex\generic\oberdiek
\se-ascii-print.def"
File: se-ascii-print.def 2016/05/16 v1.11 stringenc: Printable ASCII characters

)
("C:\Users\lortiz.SECMCA\AppData\Local\Programs\MiKTeX 2.9\tex\latex\beamer\bea
merbaserequires.sty"
("C:\Users\lortiz.SECMCA\AppData\Local\Programs\MiKTeX 2.9\tex\latex\beamer\bea
merbasecompatibility.sty")
("C:\Users\lortiz.SECMCA\AppData\Local\Programs\MiKTeX 2.9\tex\latex\beamer\bea
merbasefont.sty"
("C:\Users\lortiz.SECMCA\AppData\Local\Programs\MiKTeX 2.9\tex\latex\amsfonts\a
mssymb.sty"
Package: amssymb 2013/01/14 v3.01 AMS font symbols

("C:\Users\lortiz.SECMCA\AppData\Local\Programs\MiKTeX 2.9\tex\latex\amsfonts\a
msfonts.sty"
Package: amsfonts 2013/01/14 v3.01 Basic AMSFonts support
\@emptytoks=\toks28
\symAMSa=\mathgroup4
\symAMSb=\mathgroup5
LaTeX Font Info:    Overwriting math alphabet `\mathfrak' in version `bold'
(Font)                  U/euf/m/n --> U/euf/b/n on input line 106.
))
("C:\Users\lortiz.SECMCA\AppData\Local\Programs\MiKTeX 2.9\tex\latex\sansmathac
cent\sansmathaccent.sty"
Package: sansmathaccent 2013/03/28

("C:\Users\lortiz.SECMCA\AppData\Local\Programs\MiKTeX 2.9\tex\latex\filehook\f
ilehook.sty"
Package: filehook 2011/10/12 v0.5d Hooks for input files
)))
("C:\Users\lortiz.SECMCA\AppData\Local\Programs\MiKTeX 2.9\tex\latex\beamer\bea
merbasetranslator.sty"
("C:\Users\lortiz.SECMCA\AppData\Local\Programs\MiKTeX 2.9\tex\latex\beamer\tra
nslator\translator.sty"
Package: translator 2010/06/12 ver 1.10

("C:\Users\lortiz.SECMCA\AppData\Local\Programs\MiKTeX 2.9\tex\latex\beamer\tra
nslator\translator-language-mappings.tex")))
("C:\Users\lortiz.SECMCA\AppData\Local\Programs\MiKTeX 2.9\tex\latex\beamer\bea
merbasemisc.sty")
("C:\Users\lortiz.SECMCA\AppData\Local\Programs\MiKTeX 2.9\tex\latex\beamer\bea
merbasetwoscreens.sty")
("C:\Users\lortiz.SECMCA\AppData\Local\Programs\MiKTeX 2.9\tex\latex\beamer\bea
merbaseoverlay.sty"
\beamer@argscount=\count130
\beamer@lastskipcover=\skip47
\beamer@trivlistdepth=\count131
)
("C:\Users\lortiz.SECMCA\AppData\Local\Programs\MiKTeX 2.9\tex\latex\beamer\bea
merbasetitle.sty")
("C:\Users\lortiz.SECMCA\AppData\Local\Programs\MiKTeX 2.9\tex\latex\beamer\bea
merbasesection.sty"
\c@lecture=\count132
\c@part=\count133
\c@section=\count134
\c@subsection=\count135
\c@subsubsection=\count136
)
("C:\Users\lortiz.SECMCA\AppData\Local\Programs\MiKTeX 2.9\tex\latex\beamer\bea
merbaseframe.sty"
\beamer@framebox=\box41
\beamer@frametitlebox=\box42
\beamer@zoombox=\box43
\beamer@zoomcount=\count137
\beamer@zoomframecount=\count138
\beamer@frametextheight=\dimen170
\c@subsectionslide=\count139
\beamer@frametopskip=\skip48
\beamer@framebottomskip=\skip49
\beamer@frametopskipautobreak=\skip50
\beamer@framebottomskipautobreak=\skip51
\beamer@envbody=\toks29
\framewidth=\dimen171
\c@framenumber=\count140
)
("C:\Users\lortiz.SECMCA\AppData\Local\Programs\MiKTeX 2.9\tex\latex\beamer\bea
merbaseverbatim.sty"
\beamer@verbatimfileout=\write4
)
("C:\Users\lortiz.SECMCA\AppData\Local\Programs\MiKTeX 2.9\tex\latex\beamer\bea
merbaseframesize.sty"
\beamer@splitbox=\box44
\beamer@autobreakcount=\count141
\beamer@autobreaklastheight=\dimen172
\beamer@frametitletoks=\toks30
\beamer@framesubtitletoks=\toks31
)
("C:\Users\lortiz.SECMCA\AppData\Local\Programs\MiKTeX 2.9\tex\latex\beamer\bea
merbaseframecomponents.sty"
\beamer@footins=\box45
)
("C:\Users\lortiz.SECMCA\AppData\Local\Programs\MiKTeX 2.9\tex\latex\beamer\bea
merbasecolor.sty")
("C:\Users\lortiz.SECMCA\AppData\Local\Programs\MiKTeX 2.9\tex\latex\beamer\bea
merbasenotes.sty"
\beamer@frameboxcopy=\box46
)
("C:\Users\lortiz.SECMCA\AppData\Local\Programs\MiKTeX 2.9\tex\latex\beamer\bea
merbasetoc.sty")
("C:\Users\lortiz.SECMCA\AppData\Local\Programs\MiKTeX 2.9\tex\latex\beamer\bea
merbasetemplates.sty"
\beamer@sbttoks=\toks32

("C:\Users\lortiz.SECMCA\AppData\Local\Programs\MiKTeX 2.9\tex\latex\beamer\bea
merbaseauxtemplates.sty"
("C:\Users\lortiz.SECMCA\AppData\Local\Programs\MiKTeX 2.9\tex\latex\beamer\bea
merbaseboxes.sty"
\bmb@box=\box47
\bmb@colorbox=\box48
\bmb@boxshadow=\box49
\bmb@boxshadowball=\box50
\bmb@boxshadowballlarge=\box51
\bmb@temp=\dimen173
\bmb@dima=\dimen174
\bmb@dimb=\dimen175
\bmb@prevheight=\dimen176
)
\beamer@blockheadheight=\dimen177
))
("C:\Users\lortiz.SECMCA\AppData\Local\Programs\MiKTeX 2.9\tex\latex\beamer\bea
merbaselocalstructure.sty"
("C:\Users\lortiz.SECMCA\AppData\Local\Programs\MiKTeX 2.9\tex\latex\tools\enum
erate.sty"
Package: enumerate 2015/07/23 v3.00 enumerate extensions (DPC)
\@enLab=\toks33
)
\c@figure=\count142
\c@table=\count143
\abovecaptionskip=\skip52
\belowcaptionskip=\skip53
)
("C:\Users\lortiz.SECMCA\AppData\Local\Programs\MiKTeX 2.9\tex\latex\beamer\bea
merbasenavigation.sty"
\beamer@section@min@dim=\dimen178
)
("C:\Users\lortiz.SECMCA\AppData\Local\Programs\MiKTeX 2.9\tex\latex\beamer\bea
merbasetheorems.sty"
("C:\Users\lortiz.SECMCA\AppData\Local\Programs\MiKTeX 2.9\tex\latex\amsmath\am
smath.sty"
Package: amsmath 2016/06/28 v2.15d AMS math features
\@mathmargin=\skip54

For additional information on amsmath, use the `?' option.

("C:\Users\lortiz.SECMCA\AppData\Local\Programs\MiKTeX 2.9\tex\latex\amsmath\am
stext.sty"
Package: amstext 2000/06/29 v2.01 AMS text

("C:\Users\lortiz.SECMCA\AppData\Local\Programs\MiKTeX 2.9\tex\latex\amsmath\am
sgen.sty"
File: amsgen.sty 1999/11/30 v2.0 generic functions
\@emptytoks=\toks34
\ex@=\dimen179
))
("C:\Users\lortiz.SECMCA\AppData\Local\Programs\MiKTeX 2.9\tex\latex\amsmath\am
sbsy.sty"
Package: amsbsy 1999/11/29 v1.2d Bold Symbols
\pmbraise@=\dimen180
)
("C:\Users\lortiz.SECMCA\AppData\Local\Programs\MiKTeX 2.9\tex\latex\amsmath\am
sopn.sty"
Package: amsopn 2016/03/08 v2.02 operator names
)
\inf@bad=\count144
LaTeX Info: Redefining \frac on input line 199.
\uproot@=\count145
\leftroot@=\count146
LaTeX Info: Redefining \overline on input line 297.
\classnum@=\count147
\DOTSCASE@=\count148
LaTeX Info: Redefining \ldots on input line 394.
LaTeX Info: Redefining \dots on input line 397.
LaTeX Info: Redefining \cdots on input line 518.
\Mathstrutbox@=\box52
\strutbox@=\box53
\big@size=\dimen181
LaTeX Font Info:    Redeclaring font encoding OML on input line 634.
LaTeX Font Info:    Redeclaring font encoding OMS on input line 635.
\macc@depth=\count149
\c@MaxMatrixCols=\count150
\dotsspace@=\muskip11
\c@parentequation=\count151
\dspbrk@lvl=\count152
\tag@help=\toks35
\row@=\count153
\column@=\count154
\maxfields@=\count155
\andhelp@=\toks36
\eqnshift@=\dimen182
\alignsep@=\dimen183
\tagshift@=\dimen184
\tagwidth@=\dimen185
\totwidth@=\dimen186
\lineht@=\dimen187
\@envbody=\toks37
\multlinegap=\skip55
\multlinetaggap=\skip56
\mathdisplay@stack=\toks38
LaTeX Info: Redefining \[ on input line 2739.
LaTeX Info: Redefining \] on input line 2740.
)
("C:\Users\lortiz.SECMCA\AppData\Local\Programs\MiKTeX 2.9\tex\latex\amscls\ams
thm.sty"
Package: amsthm 2015/03/04 v2.20.2
\thm@style=\toks39
\thm@bodyfont=\toks40
\thm@headfont=\toks41
\thm@notefont=\toks42
\thm@headpunct=\toks43
\thm@preskip=\skip57
\thm@postskip=\skip58
\thm@headsep=\skip59
\dth@everypar=\toks44
)
\c@theorem=\count156
)
("C:\Users\lortiz.SECMCA\AppData\Local\Programs\MiKTeX 2.9\tex\latex\beamer\bea
merbasethemes.sty"))
("C:\Users\lortiz.SECMCA\AppData\Local\Programs\MiKTeX 2.9\tex\latex\beamer\the
mes\theme\beamerthemedefault.sty"
("C:\Users\lortiz.SECMCA\AppData\Local\Programs\MiKTeX 2.9\tex\latex\beamer\the
mes\font\beamerfontthemedefault.sty")
("C:\Users\lortiz.SECMCA\AppData\Local\Programs\MiKTeX 2.9\tex\latex\beamer\the
mes\color\beamercolorthemedefault.sty")
("C:\Users\lortiz.SECMCA\AppData\Local\Programs\MiKTeX 2.9\tex\latex\beamer\the
mes\inner\beamerinnerthemedefault.sty"
\beamer@dima=\dimen188
\beamer@dimb=\dimen189
)
("C:\Users\lortiz.SECMCA\AppData\Local\Programs\MiKTeX 2.9\tex\latex\beamer\the
mes\outer\beamerouterthemedefault.sty")))
("C:\Users\lortiz.SECMCA\AppData\Local\Programs\MiKTeX 2.9\tex\generic\babel\ba
bel.sty"
Package: babel 2016/04/23 3.9r The Babel package

*************************************
* Local config file bblopts.cfg used
*

("C:\Users\lortiz.SECMCA\AppData\Local\Programs\MiKTeX 2.9\tex\latex\arabi\bblo
pts.cfg"
File: bblopts.cfg 2005/09/08 v0.1 add Arabic and Farsi to "declared" options of
 babel
)
("C:\Users\lortiz.SECMCA\AppData\Local\Programs\MiKTeX 2.9\tex\latex\babel-span
ish\spanish.ldf"
Language: spanish.ldf 2016/03/03 v5.0p Spanish support from the babel system

("C:\Users\lortiz.SECMCA\AppData\Local\Programs\MiKTeX 2.9\tex\generic\babel\ba
bel.def"
File: babel.def 2016/04/23 3.9r Babel common definitions
\babel@savecnt=\count157
\U@D=\dimen190

("C:\Users\lortiz.SECMCA\AppData\Local\Programs\MiKTeX 2.9\tex\generic\babel\xe
babel.def")
LaTeX Info: Redefining \textlatin on input line 1448.
)
\es@quottoks=\toks45
\es@quotdepth=\count158
Package babel Info: Making " an active character on input line 561.
Package babel Info: Making . an active character on input line 662.
Package babel Info: Making < an active character on input line 707.
Package babel Info: Making > an active character on input line 707.
))
("C:\Users\lortiz.SECMCA\AppData\Local\Programs\MiKTeX 2.9\tex\latex\base\input
enc.sty"
Package: inputenc 2015/03/17 v1.2c Input encoding file
\inpenc@prehook=\toks46
\inpenc@posthook=\toks47


! Package inputenc Error: inputenc is not designed for xetex or luatex.
(inputenc)                only UTF-8 supported.

See the inputenc package documentation for explanation.
Type  H <return>  for immediate help.
 ...                                              
                                                  
l.158 \endinput
               
For xelatex or lualatex save the document in UTF-8 encoding
and do not use inputenc, or use the [utf8] option.

)
("C:\Users\lortiz.SECMCA\AppData\Local\Programs\MiKTeX 2.9\tex\latex\textpos\te
xtpos.sty"
Package: textpos 2016/06/07 v1.8

Package: textpos 2016/06/07 1.8, absolute positioning of text on the page
\TP@textbox=\box54
\TPHorizModule=\dimen191
\TPVertModule=\dimen192
\TP@margin=\dimen193
\TP@absmargin=\dimen194
Grid set 16 x 16 = 22.7622pt x 17.07166pt
\TPboxrulesize=\dimen195
\TP@tbargs=\toks48
\TP@prevdepth=\dimen196
) (C:\localtexmf\tex\latex\base\tex\tikz.sty
(C:\localtexmf\tex\latex\base\tex\pgf.sty
Package: pgf 2015/08/07 v3.0.1a (rcs-revision 1.15)

(C:\localtexmf\tex\latex\base\tex\pgfmoduleshapes.code.tex
File: pgfmoduleshapes.code.tex 2014/03/21  (rcs-revision 1.35)
\pgfnodeparttextbox=\box55
)
(C:\localtexmf\tex\latex\base\tex\pgfmoduleplot.code.tex
File: pgfmoduleplot.code.tex 2015/08/03  (rcs-revision 1.13)
)
(C:\localtexmf\tex\latex\base\tex\pgfcomp-version-0-65.sty
Package: pgfcomp-version-0-65 2007/07/03 v3.0.1a (rcs-revision 1.7)
\pgf@nodesepstart=\dimen197
\pgf@nodesepend=\dimen198
)
(C:\localtexmf\tex\latex\base\tex\pgfcomp-version-1-18.sty
Package: pgfcomp-version-1-18 2007/07/23 v3.0.1a (rcs-revision 1.1)
))
(C:\localtexmf\tex\latex\base\tex\pgffor.sty
(C:\localtexmf\tex\latex\base\tex\pgfkeys.sty
(C:\localtexmf\tex\latex\base\tex\pgfkeys.code.tex))
(C:\localtexmf\tex\latex\base\tex\pgfmath.sty
(C:\localtexmf\tex\latex\base\tex\pgfmath.code.tex))
(C:\localtexmf\tex\latex\base\tex\pgffor.code.tex
Package: pgffor 2013/12/13 v3.0.1a (rcs-revision 1.25)

(C:\localtexmf\tex\latex\base\tex\pgfmath.code.tex)
\pgffor@iter=\dimen199
\pgffor@skip=\dimen256
\pgffor@stack=\toks49
\pgffor@toks=\toks50
))
(C:\localtexmf\tex\latex\base\tex\tikz.code.tex
Package: tikz 2015/08/07 v3.0.1a (rcs-revision 1.151)

(C:\localtexmf\tex\latex\base\tex\pgflibraryplothandlers.code.tex
File: pgflibraryplothandlers.code.tex 2013/08/31 v3.0.1a (rcs-revision 1.20)
\pgf@plot@mark@count=\count159
\pgfplotmarksize=\dimen257
)
\tikz@lastx=\dimen258
\tikz@lasty=\dimen259
\tikz@lastxsaved=\dimen260
\tikz@lastysaved=\dimen261
\tikzleveldistance=\dimen262
\tikzsiblingdistance=\dimen263
\tikz@figbox=\box56
\tikz@figbox@bg=\box57
\tikz@tempbox=\box58
\tikz@tempbox@bg=\box59
\tikztreelevel=\count160
\tikznumberofchildren=\count161
\tikznumberofcurrentchild=\count162
\tikz@fig@count=\count163

(C:\localtexmf\tex\latex\base\tex\pgfmodulematrix.code.tex
File: pgfmodulematrix.code.tex 2013/09/17  (rcs-revision 1.8)
\pgfmatrixcurrentrow=\count164
\pgfmatrixcurrentcolumn=\count165
\pgf@matrix@numberofcolumns=\count166
)
\tikz@expandcount=\count167

(C:\localtexmf\tex\latex\base\tex\tikzlibrarytopaths.code.tex
File: tikzlibrarytopaths.code.tex 2008/06/17 v3.0.1a (rcs-revision 1.2)
)))
(C:\localtexmf\tex\latex\base\tex\tikzlibraryarrows.code.tex
File: tikzlibraryarrows.code.tex 2008/01/09 v3.0.1a (rcs-revision 1.1)

(C:\localtexmf\tex\latex\base\tex\pgflibraryarrows.code.tex
File: pgflibraryarrows.code.tex 2013/09/23 v3.0.1a (rcs-revision 1.16)
\arrowsize=\dimen264
))
(C:\localtexmf\tex\latex\base\tex\tikzlibrarypositioning.code.tex
File: tikzlibrarypositioning.code.tex 2008/10/06 v3.0.1a (rcs-revision 1.7)
)
("C:\Users\lortiz.SECMCA\AppData\Local\Programs\MiKTeX 2.9\tex\latex\beamer\the
mes\font\beamerfontthemeprofessionalfonts.sty")
("C:\Users\lortiz.SECMCA\AppData\Local\Programs\MiKTeX 2.9\tex\latex\beamer\the
mes\theme\beamerthemeBoadilla.sty"
("C:\Users\lortiz.SECMCA\AppData\Local\Programs\MiKTeX 2.9\tex\latex\beamer\the
mes\color\beamercolorthemerose.sty")
("C:\Users\lortiz.SECMCA\AppData\Local\Programs\MiKTeX 2.9\tex\latex\beamer\the
mes\inner\beamerinnerthemerounded.sty")
("C:\Users\lortiz.SECMCA\AppData\Local\Programs\MiKTeX 2.9\tex\latex\beamer\the
mes\color\beamercolorthemedolphin.sty")
("C:\Users\lortiz.SECMCA\AppData\Local\Programs\MiKTeX 2.9\tex\latex\beamer\the
mes\outer\beamerouterthemeinfolines.sty"))
("C:\Users\lortiz.SECMCA\AppData\Local\Programs\MiKTeX 2.9\tex\latex\beamer\the
mes\color\beamercolorthemestructure.sty")
(C:\localtexmf\tex\latex\flexbib\flexbib.sty
Package: flexbib 2005/06/24 v. 1.0

(C:\localtexmf\tex\latex\flexbib\spanishbst.tex
Invalid UTF-8 byte or sequence at line 5 replaced by U+FFFD.
Invalid UTF-8 byte or sequence at line 8 replaced by U+FFFD.
Invalid UTF-8 byte or sequence at line 10 replaced by U+FFFD.
Invalid UTF-8 byte or sequence at line 11 replaced by U+FFFD.
Invalid UTF-8 byte or sequence at line 12 replaced by U+FFFD.
Invalid UTF-8 byte or sequence at line 13 replaced by U+FFFD.
Invalid UTF-8 byte or sequence at line 43 replaced by U+FFFD.
)
(C:\localtexmf\tex\latex\flexbib\spanishbst.tex
Invalid UTF-8 byte or sequence at line 5 replaced by U+FFFD.
Invalid UTF-8 byte or sequence at line 8 replaced by U+FFFD.
Invalid UTF-8 byte or sequence at line 10 replaced by U+FFFD.
Invalid UTF-8 byte or sequence at line 11 replaced by U+FFFD.
Invalid UTF-8 byte or sequence at line 12 replaced by U+FFFD.
Invalid UTF-8 byte or sequence at line 13 replaced by U+FFFD.
Invalid UTF-8 byte or sequence at line 43 replaced by U+FFFD.
)

! LaTeX Error: Unknown option `roud' for package `flexbib'.

See the LaTeX manual or LaTeX Companion for explanation.
Type  H <return>  for immediate help.
 ...                                              
                                                  
l.177 \newcommand
                 \NAT@aysep{,} \newcommand\NAT@yrsep{,}
The option `roud' was not declared in package `flexbib', perhaps you
misspelled its name. Try typing  <return>  to proceed.

\bibhang=\skip60
\bibsep=\skip61
LaTeX Info: Redefining \cite on input line 445.
\c@NAT@ctr=\count168
No file modelo_Deficít_Cuasifiscal_remuneración_de_encaje.bbl.
)
\c@Teorema=\count169

("C:\Users\lortiz.SECMCA\AppData\Local\Programs\MiKTeX 2.9\tex\latex\ms\ragged2
e.sty"
Package: ragged2e 2009/05/21 v2.1 ragged2e Package (MS)
 (C:\localtexmf\tex\latex\ms\everysel.sty
Package: everysel 2011/10/28 v1.2 EverySelectfont Package (MS)
)
\CenteringLeftskip=\skip62
\RaggedLeftLeftskip=\skip63
\RaggedRightLeftskip=\skip64
\CenteringRightskip=\skip65
\RaggedLeftRightskip=\skip66
\RaggedRightRightskip=\skip67
\CenteringParfillskip=\skip68
\RaggedLeftParfillskip=\skip69
\RaggedRightParfillskip=\skip70
\JustifyingParfillskip=\skip71
\CenteringParindent=\skip72
\RaggedLeftParindent=\skip73
\RaggedRightParindent=\skip74
\JustifyingParindent=\skip75
)
("C:\Users\lortiz.SECMCA\AppData\Local\Programs\MiKTeX 2.9\tex\latex\booktabs\b
ooktabs.sty"
Package: booktabs 2005/04/14 v1.61803 publication quality tables
\heavyrulewidth=\dimen265
\lightrulewidth=\dimen266
\cmidrulewidth=\dimen267
\belowrulesep=\dimen268
\belowbottomsep=\dimen269
\aboverulesep=\dimen270
\abovetopsep=\dimen271
\cmidrulesep=\dimen272
\cmidrulekern=\dimen273
\defaultaddspace=\dimen274
\@cmidla=\count170
\@cmidlb=\count171
\@aboverulesep=\dimen275
\@belowrulesep=\dimen276
\@thisruleclass=\count172
\@lastruleclass=\count173
\@thisrulewidth=\dimen277
)
("C:\Users\lortiz.SECMCA\AppData\Local\Programs\MiKTeX 2.9\tex\latex\multirow\m
ultirow.sty"
\bigstrutjot=\dimen278
)

! LaTeX Error: Option clash for package xcolor.

See the LaTeX manual or LaTeX Companion for explanation.
Type  H <return>  for immediate help.
 ...                                              
                                                  
l.23 \usepackage
                [pdftex]{graphicx}
The package xcolor has already been loaded with options:
  [table,]
There has now been an attempt to load it with options
  [x11names,table]
Adding the global options:
  table,,x11names,table
to your \documentclass declaration may fix this.
Try typing  <return>  to proceed.


! LaTeX Error: Option clash for package graphicx.

See the LaTeX manual or LaTeX Companion for explanation.
Type  H <return>  for immediate help.
 ...                                              
                                                  
l.24 \usepackage
                {epstopdf} % Convertir .eps a .pdf (si fuera necesario)
The package graphicx has already been loaded with options:
  []
There has now been an attempt to load it with options
  [pdftex]
Adding the global options:
  ,pdftex
to your \documentclass declaration may fix this.
Try typing  <return>  to proceed.


("C:\Users\lortiz.SECMCA\AppData\Local\Programs\MiKTeX 2.9\tex\latex\oberdiek\e
pstopdf.sty"
Package: epstopdf 2016/05/15 v2.6 Conversion with epstopdf on the fly (HO)

("C:\Users\lortiz.SECMCA\AppData\Local\Programs\MiKTeX 2.9\tex\latex\oberdiek\e
pstopdf-base.sty"
Package: epstopdf-base 2016/05/15 v2.6 Base part for package epstopdf

("C:\Users\lortiz.SECMCA\AppData\Local\Programs\MiKTeX 2.9\tex\latex\oberdiek\g
rfext.sty"
Package: grfext 2016/05/16 v1.2 Manage graphics extensions (HO)
)

Package epstopdf Warning: Drivers other than `pdftex' and `luatex' are not supp
orted.

))

! LaTeX Error: Option clash for package hyperref.

See the LaTeX manual or LaTeX Companion for explanation.
Type  H <return>  for immediate help.
 ...                                              
                                                  
l.31 \hypersetup
                {colorlinks,%
The package hyperref has already been loaded with options:
  [bookmarks=true,bookmarksopen=true,pdfborder={0 0 0},pdfhighlight={/N},linkbo
rdercolor={.5 .5 .5},implicit=false]
There has now been an attempt to load it with options
  [pdftex]
Adding the global options:
  bookmarks=true,bookmarksopen=true,pdfborder={0 0 0},pdfhighlight={/N},linkbor
dercolor={.5 .5 .5},implicit=false,pdftex
to your \documentclass declaration may fix this.
Try typing  <return>  to proceed.

Package hyperref Info: Option `colorlinks' set `true' on input line 36.

Package hyperref Warning: Option `pdftex' has already been used,
(hyperref)                setting the option has no effect on input line 36.

(modelo_Deficít_Cuasifiscal_remuneración_de_encaje.aux
LaTeX Info: Redefining \. on input line 23.
LaTeX Info: Redefining \% on input line 23.
)
\openout1 = `modelo_Deficít_Cuasifiscal_remuneración_de_encaje.aux'.

LaTeX Font Info:    Checking defaults for OML/cmm/m/it on input line 38.
LaTeX Font Info:    ... okay on input line 38.
LaTeX Font Info:    Checking defaults for T1/cmr/m/n on input line 38.
LaTeX Font Info:    ... okay on input line 38.
LaTeX Font Info:    Checking defaults for OT1/cmr/m/n on input line 38.
LaTeX Font Info:    ... okay on input line 38.
LaTeX Font Info:    Checking defaults for OMS/cmsy/m/n on input line 38.
LaTeX Font Info:    ... okay on input line 38.
LaTeX Font Info:    Checking defaults for OMX/cmex/m/n on input line 38.
LaTeX Font Info:    ... okay on input line 38.
LaTeX Font Info:    Checking defaults for U/cmr/m/n on input line 38.
LaTeX Font Info:    ... okay on input line 38.
LaTeX Font Info:    Checking defaults for PD1/pdf/m/n on input line 38.
LaTeX Font Info:    ... okay on input line 38.
LaTeX Font Info:    Checking defaults for PU/pdf/m/n on input line 38.
LaTeX Font Info:    ... okay on input line 38.

*geometry* detected driver: pdftex
*geometry* verbose mode - [ preamble ] result:
* driver: pdftex
* paper: custom
* layout: <same size as paper>
* layoutoffset:(h,v)=(0.0pt,0.0pt)
* modes: includehead includefoot 
* h-part:(L,W,R)=(10.00002pt, 344.19533pt, 10.00002pt)
* v-part:(T,H,B)=(0.0pt, 273.14662pt, 0.0pt)
* \paperwidth=364.19536pt
* \paperheight=273.14662pt
* \textwidth=344.19533pt
* \textheight=244.6939pt
* \oddsidemargin=-62.26997pt
* \evensidemargin=-62.26997pt
* \topmargin=-72.26999pt
* \headheight=14.22636pt
* \headsep=0.0pt
* \topskip=10.0pt
* \footskip=14.22636pt
* \marginparwidth=3.0pt
* \marginparsep=11.0pt
* \columnsep=10.0pt
* \skip\footins=9.0pt plus 4.0pt minus 2.0pt
* \hoffset=0.0pt
* \voffset=0.0pt
* \mag=1000
* \@twocolumnfalse
* \@twosidefalse
* \@mparswitchfalse
* \@reversemarginfalse
* (1in=72.27pt=25.4mm, 1cm=28.453pt)

ABD: EveryShipout initializing macros
\AtBeginShipoutBox=\box60
Package hyperref Info: Link coloring ON on input line 38.

("C:\Users\lortiz.SECMCA\AppData\Local\Programs\MiKTeX 2.9\tex\latex\hyperref\n
ameref.sty"
Package: nameref 2016/05/21 v2.44 Cross-referencing by name of section

("C:\Users\lortiz.SECMCA\AppData\Local\Programs\MiKTeX 2.9\tex\generic\oberdiek
\gettitlestring.sty"
Package: gettitlestring 2016/05/16 v1.5 Cleanup title references (HO)
)
\c@section@level=\count174
)
LaTeX Info: Redefining \ref on input line 38.
LaTeX Info: Redefining \pageref on input line 38.
LaTeX Info: Redefining \nameref on input line 38.
 (modelo_Deficít_Cuasifiscal_remuneración_de_encaje.out)
(modelo_Deficít_Cuasifiscal_remuneración_de_encaje.out)
\@outlinefile=\write5
\openout5 = `modelo_Deficít_Cuasifiscal_remuneración_de_encaje.out'.


("C:\Users\lortiz.SECMCA\AppData\Local\Programs\MiKTeX 2.9\tex\latex\beamer\tra
nslator\dicts\translator-basic-dictionary\translator-basic-dictionary-English.d
ict"
Dictionary: translator-basic-dictionary, Language: English 
)
("C:\Users\lortiz.SECMCA\AppData\Local\Programs\MiKTeX 2.9\tex\latex\beamer\tra
nslator\dicts\translator-bibliography-dictionary\translator-bibliography-dictio
nary-English.dict"
Dictionary: translator-bibliography-dictionary, Language: English 
)
("C:\Users\lortiz.SECMCA\AppData\Local\Programs\MiKTeX 2.9\tex\latex\beamer\tra
nslator\dicts\translator-environment-dictionary\translator-environment-dictiona
ry-English.dict"
Dictionary: translator-environment-dictionary, Language: English 
)
("C:\Users\lortiz.SECMCA\AppData\Local\Programs\MiKTeX 2.9\tex\latex\beamer\tra
nslator\dicts\translator-months-dictionary\translator-months-dictionary-English
.dict"
Dictionary: translator-months-dictionary, Language: English 
)
("C:\Users\lortiz.SECMCA\AppData\Local\Programs\MiKTeX 2.9\tex\latex\beamer\tra
nslator\dicts\translator-numbers-dictionary\translator-numbers-dictionary-Engli
sh.dict"
Dictionary: translator-numbers-dictionary, Language: English 
)
("C:\Users\lortiz.SECMCA\AppData\Local\Programs\MiKTeX 2.9\tex\latex\beamer\tra
nslator\dicts\translator-theorem-dictionary\translator-theorem-dictionary-Engli
sh.dict"
Dictionary: translator-theorem-dictionary, Language: English 
)
LaTeX Info: Redefining \includegraphics on input line 38.
LaTeX Info: Redefining \. on input line 38.
LaTeX Info: Redefining \% on input line 38.
 ABD: EverySelectfont initializing macros
LaTeX Info: Redefining \selectfont on input line 38.

(modelo_Deficít_Cuasifiscal_remuneración_de_encaje.nav)
Missing character: There is no Ó in font cmss12!


LaTeX Font Warning: Font shape `OT1/cmss/m/n' in size <4> not available
(Font)              size <5> substituted on input line 43.

[1

]
Missing character: There is no á in font cmss12!
Missing character: There is no ó in font cmss10!
Missing character: There is no ó in font cmss10!
Missing character: There is no é in font cmss10!
Missing character: There is no í in font cmss10!
Missing character: There is no á in font cmss10!
Missing character: There is no ó in font cmss10!
LaTeX Font Info:    Try loading font information for U+msa on input line 73.

("C:\Users\lortiz.SECMCA\AppData\Local\Programs\MiKTeX 2.9\tex\latex\amsfonts\u
msa.fd"
File: umsa.fd 2013/01/14 v3.01 AMS symbols A
)
LaTeX Font Info:    Try loading font information for U+msb on input line 73.

("C:\Users\lortiz.SECMCA\AppData\Local\Programs\MiKTeX 2.9\tex\latex\amsfonts\u
msb.fd"
File: umsb.fd 2013/01/14 v3.01 AMS symbols B
)
Missing character: There is no í in font cmss10!
Missing character: There is no ó in font cmss10!
Missing character: There is no é in font cmss10!
Missing character: There is no ó in font cmss10!
Missing character: There is no í in font cmss10!
Missing character: There is no ó in font cmss10!
Missing character: There is no é in font cmss10!
 [2

]
Missing character: There is no ó in font cmss10!
Missing character: There is no é in font cmss10!
Missing character: There is no ó in font cmss10!
Missing character: There is no é in font cmss10!
Missing character: There is no ó in font cmss10!
Missing character: There is no ó in font cmss10!
Missing character: There is no é in font cmss10!
Missing character: There is no í in font cmss10!
Missing character: There is no í in font cmss10!
 [3

