This is XeTeX, Version 3.14159265-2.6-0.99996 (MiKTeX 2.9 64-bit) (preloaded format=xelatex 2017.4.3)  12 JUN 2019 12:13
entering extended mode
**./main_2.tex
(main_2.tex
LaTeX2e <2016/03/31> patch level 3
Babel <3.9r> and hyphenation patterns for 75 language(s) loaded.
\@input{common-beamer-options-and-packages.aux}
\openout2 = `common-beamer-options-and-packages.aux'.

(common-beamer-options-and-packages.tex
("C:\Users\lortiz.SECMCA\AppData\Local\Programs\MiKTeX 2.9\tex\latex\beamer\bea
mer.cls"
Document Class: beamer 2017/01/23 v3.41 A class for typesetting presentations

("C:\Users\lortiz.SECMCA\AppData\Local\Programs\MiKTeX 2.9\tex\latex\etoolbox\e
toolbox.sty"
Package: etoolbox 2017/01/02 v2.4 e-TeX tools for LaTeX (JAW)
\etb@tempcnta=\count79
)
("C:\Users\lortiz.SECMCA\AppData\Local\Programs\MiKTeX 2.9\tex\latex\beamer\bea
merbasemodes.sty"
\beamer@tempbox=\box26
\beamer@tempcount=\count80
\c@beamerpauses=\count81

("C:\Users\lortiz.SECMCA\AppData\Local\Programs\MiKTeX 2.9\tex\latex\beamer\bea
merbasedecode.sty"
\beamer@slideinframe=\count82
\beamer@minimum=\count83
)
\beamer@commentbox=\box27
\beamer@modecount=\count84
)
("C:\Users\lortiz.SECMCA\AppData\Local\Programs\MiKTeX 2.9\tex\generic\oberdiek
\ifpdf.sty"
Package: ifpdf 2016/05/14 v3.1 Provides the ifpdf switch
)
\headheight=\dimen102
\headdp=\dimen103
\footheight=\dimen104
\sidebarheight=\dimen105
\beamer@tempdim=\dimen106
\beamer@finalheight=\dimen107
\beamer@animht=\dimen108
\beamer@animdp=\dimen109
\beamer@animwd=\dimen110
\beamer@leftmargin=\dimen111
\beamer@rightmargin=\dimen112
\beamer@leftsidebar=\dimen113
\beamer@rightsidebar=\dimen114
\beamer@boxsize=\dimen115
\beamer@vboxoffset=\dimen116
\beamer@descdefault=\dimen117
\beamer@descriptionwidth=\dimen118
\beamer@lastskip=\skip41
\beamer@areabox=\box28
\beamer@animcurrent=\box29
\beamer@animshowbox=\box30
\beamer@sectionbox=\box31
\beamer@logobox=\box32
\beamer@linebox=\box33
\beamer@sectioncount=\count85
\beamer@subsubsectionmax=\count86
\beamer@subsectionmax=\count87
\beamer@sectionmax=\count88
\beamer@totalheads=\count89
\beamer@headcounter=\count90
\beamer@partstartpage=\count91
\beamer@sectionstartpage=\count92
\beamer@subsectionstartpage=\count93
\beamer@animationtempa=\count94
\beamer@animationtempb=\count95
\beamer@xpos=\count96
\beamer@ypos=\count97
\beamer@showpartnumber=\count98
\beamer@currentsubsection=\count99
\beamer@coveringdepth=\count100
\beamer@sectionadjust=\count101
\beamer@tocsectionnumber=\count102

("C:\Users\lortiz.SECMCA\AppData\Local\Programs\MiKTeX 2.9\tex\latex\beamer\bea
merbaseoptions.sty"
("C:\Users\lortiz.SECMCA\AppData\Local\Programs\MiKTeX 2.9\tex\latex\graphics\k
eyval.sty"
Package: keyval 2014/10/28 v1.15 key=value parser (DPC)
\KV@toks@=\toks14
))
\beamer@paperwidth=\skip42
\beamer@paperheight=\skip43

("C:\Users\lortiz.SECMCA\AppData\Local\Programs\MiKTeX 2.9\tex\latex\geometry\g
eometry.sty"
Package: geometry 2010/09/12 v5.6 Page Geometry

("C:\Users\lortiz.SECMCA\AppData\Local\Programs\MiKTeX 2.9\tex\generic\oberdiek
\ifvtex.sty"
Package: ifvtex 2016/05/16 v1.6 Detect VTeX and its facilities (HO)
Package ifvtex Info: VTeX not detected.
)
("C:\Users\lortiz.SECMCA\AppData\Local\Programs\MiKTeX 2.9\tex\generic\ifxetex\
ifxetex.sty"
Package: ifxetex 2010/09/12 v0.6 Provides ifxetex conditional
)
\Gm@cnth=\count103
\Gm@cntv=\count104
\c@Gm@tempcnt=\count105
\Gm@bindingoffset=\dimen119
\Gm@wd@mp=\dimen120
\Gm@odd@mp=\dimen121
\Gm@even@mp=\dimen122
\Gm@layoutwidth=\dimen123
\Gm@layoutheight=\dimen124
\Gm@layouthoffset=\dimen125
\Gm@layoutvoffset=\dimen126
\Gm@dimlist=\toks15

("C:\Users\lortiz.SECMCA\AppData\Local\Programs\MiKTeX 2.9\tex\xelatex\xetexcon
fig\geometry.cfg"))
("C:\Users\lortiz.SECMCA\AppData\Local\Programs\MiKTeX 2.9\tex\latex\base\size1
1.clo"
File: size11.clo 2014/09/29 v1.4h Standard LaTeX file (size option)
) (C:\localtexmf\tex\latex\base\tex\pgfcore.sty
("C:\Users\lortiz.SECMCA\AppData\Local\Programs\MiKTeX 2.9\tex\latex\graphics\g
raphicx.sty"
Package: graphicx 2014/10/28 v1.0g Enhanced LaTeX Graphics (DPC,SPQR)

("C:\Users\lortiz.SECMCA\AppData\Local\Programs\MiKTeX 2.9\tex\latex\graphics\g
raphics.sty"
Package: graphics 2016/07/10 v1.0t Standard LaTeX Graphics (DPC,SPQR)

("C:\Users\lortiz.SECMCA\AppData\Local\Programs\MiKTeX 2.9\tex\latex\graphics\t
rig.sty"
Package: trig 2016/01/03 v1.10 sin cos tan (DPC)
)
("C:\Users\lortiz.SECMCA\AppData\Local\Programs\MiKTeX 2.9\tex\latex\00miktex\g
raphics.cfg"
File: graphics.cfg 2016/06/04 v1.11 sample graphics configuration
)
Package graphics Info: Driver file: xetex.def on input line 99.

("C:\Users\lortiz.SECMCA\AppData\Local\Programs\MiKTeX 2.9\tex\latex\graphics-d
ef\xetex.def"
File: xetex.def 2016/07/11 v4.10 LaTeX color/graphics driver for XeTeX (L3/RRM/
JK)
))
\Gin@req@height=\dimen127
\Gin@req@width=\dimen128
) (C:\localtexmf\tex\latex\base\tex\pgfsys.sty
(C:\localtexmf\tex\latex\base\tex\pgfrcs.sty
(C:\localtexmf\tex\latex\base\tex\pgfutil-common.tex
\pgfutil@everybye=\toks16
\pgfutil@tempdima=\dimen129
\pgfutil@tempdimb=\dimen130

(C:\localtexmf\tex\latex\base\tex\pgfutil-common-lists.tex))
(C:\localtexmf\tex\latex\base\tex\pgfutil-latex.def
\pgfutil@abb=\box34

(C:\localtexmf\tex\latex\ms\everyshi.sty
Package: everyshi 2001/05/15 v3.00 EveryShipout Package (MS)
))
(C:\localtexmf\tex\latex\base\tex\pgfrcs.code.tex
Package: pgfrcs 2015/08/07 v3.0.1a (rcs-revision 1.31)
))
(C:\localtexmf\tex\latex\base\tex\pgfsys.code.tex
Package: pgfsys 2014/07/09 v3.0.1a (rcs-revision 1.48)

(C:\localtexmf\tex\latex\base\tex\pgfkeys.code.tex
\pgfkeys@pathtoks=\toks17
\pgfkeys@temptoks=\toks18

(C:\localtexmf\tex\latex\base\tex\pgfkeysfiltered.code.tex
\pgfkeys@tmptoks=\toks19
))
\pgf@x=\dimen131
\pgf@y=\dimen132
\pgf@xa=\dimen133
\pgf@ya=\dimen134
\pgf@xb=\dimen135
\pgf@yb=\dimen136
\pgf@xc=\dimen137
\pgf@yc=\dimen138
\w@pgf@writea=\write3
\r@pgf@reada=\read1
\c@pgf@counta=\count106
\c@pgf@countb=\count107
\c@pgf@countc=\count108
\c@pgf@countd=\count109
\t@pgf@toka=\toks20
\t@pgf@tokb=\toks21
\t@pgf@tokc=\toks22

(C:\localtexmf\tex\latex\base\tex\pgf.cfg
File: pgf.cfg 2008/05/14  (rcs-revision 1.7)
)
Driver file for pgf: pgfsys-xetex.def

(C:\localtexmf\tex\latex\base\tex\pgfsys-xetex.def
File: pgfsys-xetex.def 2014/07/09  (rcs-revision 1.11)

(C:\localtexmf\tex\latex\base\tex\pgfsys-dvipdfmx.def
File: pgfsys-dvipdfmx.def 2014/07/09  (rcs-revision 1.14)

(C:\localtexmf\tex\latex\base\tex\pgfsys-common-pdf.def
File: pgfsys-common-pdf.def 2013/10/10  (rcs-revision 1.13)
)
\pgfsys@objnum=\count110
)))
(C:\localtexmf\tex\latex\base\tex\pgfsyssoftpath.code.tex
File: pgfsyssoftpath.code.tex 2013/09/09  (rcs-revision 1.9)
\pgfsyssoftpath@smallbuffer@items=\count111
\pgfsyssoftpath@bigbuffer@items=\count112
)
(C:\localtexmf\tex\latex\base\tex\pgfsysprotocol.code.tex
File: pgfsysprotocol.code.tex 2006/10/16  (rcs-revision 1.4)
))
("C:\Users\lortiz.SECMCA\AppData\Local\Programs\MiKTeX 2.9\tex\latex\xcolor\xco
lor.sty"
Package: xcolor 2016/05/11 v2.12 LaTeX color extensions (UK)

("C:\Users\lortiz.SECMCA\AppData\Local\Programs\MiKTeX 2.9\tex\latex\00miktex\c
olor.cfg"
File: color.cfg 2016/01/02 v1.6 sample color configuration
)
Package xcolor Info: Driver file: xetex.def on input line 225.
Package xcolor Info: Model `cmy' substituted by `cmy0' on input line 1348.
Package xcolor Info: Model `RGB' extended on input line 1364.
Package xcolor Info: Model `HTML' substituted by `rgb' on input line 1366.
Package xcolor Info: Model `Hsb' substituted by `hsb' on input line 1367.
Package xcolor Info: Model `tHsb' substituted by `hsb' on input line 1368.
Package xcolor Info: Model `HSB' substituted by `hsb' on input line 1369.
Package xcolor Info: Model `Gray' substituted by `gray' on input line 1370.
Package xcolor Info: Model `wave' substituted by `hsb' on input line 1371.

("C:\Users\lortiz.SECMCA\AppData\Local\Programs\MiKTeX 2.9\tex\latex\xcolor\x11
nam.def"
File: x11nam.def 2016/05/11 v2.12 Predefined colors according to Unix/X11 (UK)
)) (C:\localtexmf\tex\latex\base\tex\pgfcore.code.tex
Package: pgfcore 2010/04/11 v3.0.1a (rcs-revision 1.7)

(C:\localtexmf\tex\latex\base\tex\pgfmath.code.tex
(C:\localtexmf\tex\latex\base\tex\pgfmathcalc.code.tex
(C:\localtexmf\tex\latex\base\tex\pgfmathutil.code.tex)
(C:\localtexmf\tex\latex\base\tex\pgfmathparser.code.tex
\pgfmath@dimen=\dimen139
\pgfmath@count=\count113
\pgfmath@box=\box35
\pgfmath@toks=\toks23
\pgfmath@stack@operand=\toks24
\pgfmath@stack@operation=\toks25
)
(C:\localtexmf\tex\latex\base\tex\pgfmathfunctions.code.tex
(C:\localtexmf\tex\latex\base\tex\pgfmathfunctions.basic.code.tex)
(C:\localtexmf\tex\latex\base\tex\pgfmathfunctions.trigonometric.code.tex)
(C:\localtexmf\tex\latex\base\tex\pgfmathfunctions.random.code.tex)
(C:\localtexmf\tex\latex\base\tex\pgfmathfunctions.comparison.code.tex)
(C:\localtexmf\tex\latex\base\tex\pgfmathfunctions.base.code.tex)
(C:\localtexmf\tex\latex\base\tex\pgfmathfunctions.round.code.tex)
(C:\localtexmf\tex\latex\base\tex\pgfmathfunctions.misc.code.tex)
(C:\localtexmf\tex\latex\base\tex\pgfmathfunctions.integerarithmetics.code.tex)
)) (C:\localtexmf\tex\latex\base\tex\pgfmathfloat.code.tex
\c@pgfmathroundto@lastzeros=\count114
))
(C:\localtexmf\tex\latex\base\tex\pgfcorepoints.code.tex
File: pgfcorepoints.code.tex 2013/10/07  (rcs-revision 1.27)
\pgf@picminx=\dimen140
\pgf@picmaxx=\dimen141
\pgf@picminy=\dimen142
\pgf@picmaxy=\dimen143
\pgf@pathminx=\dimen144
\pgf@pathmaxx=\dimen145
\pgf@pathminy=\dimen146
\pgf@pathmaxy=\dimen147
\pgf@xx=\dimen148
\pgf@xy=\dimen149
\pgf@yx=\dimen150
\pgf@yy=\dimen151
\pgf@zx=\dimen152
\pgf@zy=\dimen153
)
(C:\localtexmf\tex\latex\base\tex\pgfcorepathconstruct.code.tex
File: pgfcorepathconstruct.code.tex 2013/10/07  (rcs-revision 1.29)
\pgf@path@lastx=\dimen154
\pgf@path@lasty=\dimen155
)
(C:\localtexmf\tex\latex\base\tex\pgfcorepathusage.code.tex
File: pgfcorepathusage.code.tex 2014/11/02  (rcs-revision 1.24)
\pgf@shorten@end@additional=\dimen156
\pgf@shorten@start@additional=\dimen157
)
(C:\localtexmf\tex\latex\base\tex\pgfcorescopes.code.tex
File: pgfcorescopes.code.tex 2015/05/08  (rcs-revision 1.46)
\pgfpic=\box36
\pgf@hbox=\box37
\pgf@layerbox@main=\box38
\pgf@picture@serial@count=\count115
)
(C:\localtexmf\tex\latex\base\tex\pgfcoregraphicstate.code.tex
File: pgfcoregraphicstate.code.tex 2014/11/02  (rcs-revision 1.12)
\pgflinewidth=\dimen158
)
(C:\localtexmf\tex\latex\base\tex\pgfcoretransformations.code.tex
File: pgfcoretransformations.code.tex 2015/08/07  (rcs-revision 1.20)
\pgf@pt@x=\dimen159
\pgf@pt@y=\dimen160
\pgf@pt@temp=\dimen161
)
(C:\localtexmf\tex\latex\base\tex\pgfcorequick.code.tex
File: pgfcorequick.code.tex 2008/10/09  (rcs-revision 1.3)
)
(C:\localtexmf\tex\latex\base\tex\pgfcoreobjects.code.tex
File: pgfcoreobjects.code.tex 2006/10/11  (rcs-revision 1.2)
)
(C:\localtexmf\tex\latex\base\tex\pgfcorepathprocessing.code.tex
File: pgfcorepathprocessing.code.tex 2013/09/09  (rcs-revision 1.9)
)
(C:\localtexmf\tex\latex\base\tex\pgfcorearrows.code.tex
File: pgfcorearrows.code.tex 2015/05/14  (rcs-revision 1.43)
\pgfarrowsep=\dimen162
)
(C:\localtexmf\tex\latex\base\tex\pgfcoreshade.code.tex
File: pgfcoreshade.code.tex 2013/07/15  (rcs-revision 1.15)
\pgf@max=\dimen163
\pgf@sys@shading@range@num=\count116
)
(C:\localtexmf\tex\latex\base\tex\pgfcoreimage.code.tex
File: pgfcoreimage.code.tex 2013/07/15  (rcs-revision 1.18)

(C:\localtexmf\tex\latex\base\tex\pgfcoreexternal.code.tex
File: pgfcoreexternal.code.tex 2014/07/09  (rcs-revision 1.21)
\pgfexternal@startupbox=\box39
))
(C:\localtexmf\tex\latex\base\tex\pgfcorelayers.code.tex
File: pgfcorelayers.code.tex 2013/07/18  (rcs-revision 1.7)
)
(C:\localtexmf\tex\latex\base\tex\pgfcoretransparency.code.tex
File: pgfcoretransparency.code.tex 2013/09/30  (rcs-revision 1.5)
)
(C:\localtexmf\tex\latex\base\tex\pgfcorepatterns.code.tex
File: pgfcorepatterns.code.tex 2013/11/07  (rcs-revision 1.5)
)))
(C:\localtexmf\tex\latex\base\tex\xxcolor.sty
Package: xxcolor 2003/10/24 ver 0.1
\XC@nummixins=\count117
\XC@countmixins=\count118
)
("C:\Users\lortiz.SECMCA\AppData\Local\Programs\MiKTeX 2.9\tex\generic\oberdiek
\atbegshi.sty"
Package: atbegshi 2016/06/09 v1.18 At begin shipout hook (HO)

("C:\Users\lortiz.SECMCA\AppData\Local\Programs\MiKTeX 2.9\tex\generic\oberdiek
\infwarerr.sty"
Package: infwarerr 2016/05/16 v1.4 Providing info/warning/error messages (HO)
)
("C:\Users\lortiz.SECMCA\AppData\Local\Programs\MiKTeX 2.9\tex\generic\oberdiek
\ltxcmds.sty"
Package: ltxcmds 2016/05/16 v1.23 LaTeX kernel commands for general use (HO)
))
("C:\Users\lortiz.SECMCA\AppData\Local\Programs\MiKTeX 2.9\tex\latex\hyperref\h
yperref.sty"
Package: hyperref 2016/06/24 v6.83q Hypertext links for LaTeX

("C:\Users\lortiz.SECMCA\AppData\Local\Programs\MiKTeX 2.9\tex\generic\oberdiek
\hobsub-hyperref.sty"
Package: hobsub-hyperref 2016/05/16 v1.14 Bundle oberdiek, subset hyperref (HO)


("C:\Users\lortiz.SECMCA\AppData\Local\Programs\MiKTeX 2.9\tex\generic\oberdiek
\hobsub-generic.sty"
Package: hobsub-generic 2016/05/16 v1.14 Bundle oberdiek, subset generic (HO)
Package: hobsub 2016/05/16 v1.14 Construct package bundles (HO)
Package hobsub Info: Skipping package `infwarerr' (already loaded).
Package hobsub Info: Skipping package `ltxcmds' (already loaded).
Package: ifluatex 2016/05/16 v1.4 Provides the ifluatex switch (HO)
Package ifluatex Info: LuaTeX not detected.
Package hobsub Info: Skipping package `ifvtex' (already loaded).
Package: intcalc 2016/05/16 v1.2 Expandable calculations with integers (HO)
Package hobsub Info: Skipping package `ifpdf' (already loaded).
Package: etexcmds 2016/05/16 v1.6 Avoid name clashes with e-TeX commands (HO)
Package etexcmds Info: Could not find \expanded.
(etexcmds)             That can mean that you are not using pdfTeX 1.50 or
(etexcmds)             that some package has redefined \expanded.
(etexcmds)             In the latter case, load this package earlier.
Package: kvsetkeys 2016/05/16 v1.17 Key value parser (HO)
Package: kvdefinekeys 2016/05/16 v1.4 Define keys (HO)
Package: pdftexcmds 2016/05/21 v0.22 Utility functions of pdfTeX for LuaTeX (HO
)
Package pdftexcmds Info: LuaTeX not detected.
Package pdftexcmds Info: pdfTeX >= 1.30 not detected.
Package pdftexcmds Info: \pdf@primitive is available.
Package pdftexcmds Info: \pdf@ifprimitive is available.
Package pdftexcmds Info: \pdfdraftmode not found.
Package: pdfescape 2016/05/16 v1.14 Implements pdfTeX's escape features (HO)
Package: bigintcalc 2016/05/16 v1.4 Expandable calculations on big integers (HO
)
Package: bitset 2016/05/16 v1.2 Handle bit-vector datatype (HO)
Package: uniquecounter 2016/05/16 v1.3 Provide unlimited unique counter (HO)
)
Package hobsub Info: Skipping package `hobsub' (already loaded).
Package: letltxmacro 2016/05/16 v1.5 Let assignment for LaTeX macros (HO)
Package: hopatch 2016/05/16 v1.3 Wrapper for package hooks (HO)
Package: xcolor-patch 2016/05/16 xcolor patch
Package: atveryend 2016/05/16 v1.9 Hooks at the very end of document (HO)
Package hobsub Info: Skipping package `atbegshi' (already loaded).
Package: refcount 2016/05/16 v3.5 Data extraction from label references (HO)
Package: hycolor 2016/05/16 v1.8 Color options for hyperref/bookmark (HO)
)
("C:\Users\lortiz.SECMCA\AppData\Local\Programs\MiKTeX 2.9\tex\latex\oberdiek\a
uxhook.sty"
Package: auxhook 2016/05/16 v1.4 Hooks for auxiliary files (HO)
)
("C:\Users\lortiz.SECMCA\AppData\Local\Programs\MiKTeX 2.9\tex\latex\oberdiek\k
voptions.sty"
Package: kvoptions 2016/05/16 v3.12 Key value format for package options (HO)
)
\@linkdim=\dimen164
\Hy@linkcounter=\count119
\Hy@pagecounter=\count120

("C:\Users\lortiz.SECMCA\AppData\Local\Programs\MiKTeX 2.9\tex\latex\hyperref\p
d1enc.def"
File: pd1enc.def 2016/06/24 v6.83q Hyperref: PDFDocEncoding definition (HO)
)
\Hy@SavedSpaceFactor=\count121

("C:\Users\lortiz.SECMCA\AppData\Local\Programs\MiKTeX 2.9\tex\latex\00miktex\h
yperref.cfg"
File: hyperref.cfg 2002/06/06 v1.2 hyperref configuration of TeXLive
)
Package hyperref Info: Option `bookmarks' set `true' on input line 4362.
Package hyperref Info: Option `bookmarksopen' set `true' on input line 4362.
Package hyperref Info: Option `implicit' set `false' on input line 4362.
Package hyperref Info: Hyper figures OFF on input line 4486.
Package hyperref Info: Link nesting OFF on input line 4491.
Package hyperref Info: Hyper index ON on input line 4494.
Package hyperref Info: Plain pages OFF on input line 4501.
Package hyperref Info: Backreferencing OFF on input line 4506.
Package hyperref Info: Implicit mode OFF; no redefinition of LaTeX internals.
Package hyperref Info: Bookmarks ON on input line 4735.
\c@Hy@tempcnt=\count122

("C:\Users\lortiz.SECMCA\AppData\Local\Programs\MiKTeX 2.9\tex\latex\url\url.st
y"
\Urlmuskip=\muskip10
Package: url 2013/09/16  ver 3.4  Verb mode for urls, etc.
)
LaTeX Info: Redefining \url on input line 5088.
\XeTeXLinkMargin=\dimen165
\Fld@menulength=\count123
\Field@Width=\dimen166
\Fld@charsize=\dimen167
Package hyperref Info: Hyper figures OFF on input line 6342.
Package hyperref Info: Link nesting OFF on input line 6347.
Package hyperref Info: Hyper index ON on input line 6350.
Package hyperref Info: backreferencing OFF on input line 6357.
Package hyperref Info: Link coloring OFF on input line 6362.
Package hyperref Info: Link coloring with OCG OFF on input line 6367.
Package hyperref Info: PDF/A mode OFF on input line 6372.
LaTeX Info: Redefining \ref on input line 6412.
LaTeX Info: Redefining \pageref on input line 6416.
\Hy@abspage=\count124


Package hyperref Message: Stopped early.

)

Package hyperref Message: Driver (autodetected): hxetex.


("C:\Users\lortiz.SECMCA\AppData\Local\Programs\MiKTeX 2.9\tex\latex\hyperref\h
xetex.def"
File: hxetex.def 2016/06/24 v6.83q Hyperref driver for XeTeX

("C:\Users\lortiz.SECMCA\AppData\Local\Programs\MiKTeX 2.9\tex\latex\hyperref\p
uenc.def"
File: puenc.def 2016/06/24 v6.83q Hyperref: PDF Unicode definition (HO)
)
("C:\Users\lortiz.SECMCA\AppData\Local\Programs\MiKTeX 2.9\tex\generic\oberdiek
\stringenc.sty"
Package: stringenc 2016/05/16 v1.11 Convert strings between diff. encodings (HO
)
)
\pdfm@box=\box40
\c@Hy@AnnotLevel=\count125
\HyField@AnnotCount=\count126
\Fld@listcount=\count127
\c@bookmark@seq@number=\count128

("C:\Users\lortiz.SECMCA\AppData\Local\Programs\MiKTeX 2.9\tex\latex\oberdiek\r
erunfilecheck.sty"
Package: rerunfilecheck 2016/05/16 v1.8 Rerun checks for auxiliary files (HO)
Package rerunfilecheck Info: Feature \pdfmdfivesum is not available
(rerunfilecheck)             (e.g. pdfTeX or LuaTeX with package `pdftexcmds').

(rerunfilecheck)             Therefore file contents cannot be checked efficien
tly
(rerunfilecheck)             and the loading of the package is aborted.
))
("C:\Users\lortiz.SECMCA\AppData\Local\Programs\MiKTeX 2.9\tex\generic\oberdiek
\se-ascii-print.def"
File: se-ascii-print.def 2016/05/16 v1.11 stringenc: Printable ASCII characters

)
("C:\Users\lortiz.SECMCA\AppData\Local\Programs\MiKTeX 2.9\tex\latex\beamer\bea
merbaserequires.sty"
("C:\Users\lortiz.SECMCA\AppData\Local\Programs\MiKTeX 2.9\tex\latex\beamer\bea
merbasecompatibility.sty")
("C:\Users\lortiz.SECMCA\AppData\Local\Programs\MiKTeX 2.9\tex\latex\beamer\bea
merbasefont.sty"
("C:\Users\lortiz.SECMCA\AppData\Local\Programs\MiKTeX 2.9\tex\latex\amsfonts\a
mssymb.sty"
Package: amssymb 2013/01/14 v3.01 AMS font symbols

("C:\Users\lortiz.SECMCA\AppData\Local\Programs\MiKTeX 2.9\tex\latex\amsfonts\a
msfonts.sty"
Package: amsfonts 2013/01/14 v3.01 Basic AMSFonts support
\@emptytoks=\toks26
\symAMSa=\mathgroup4
\symAMSb=\mathgroup5
LaTeX Font Info:    Overwriting math alphabet `\mathfrak' in version `bold'
(Font)                  U/euf/m/n --> U/euf/b/n on input line 106.
))
("C:\Users\lortiz.SECMCA\AppData\Local\Programs\MiKTeX 2.9\tex\latex\sansmathac
cent\sansmathaccent.sty"
Package: sansmathaccent 2013/03/28

("C:\Users\lortiz.SECMCA\AppData\Local\Programs\MiKTeX 2.9\tex\latex\filehook\f
ilehook.sty"
Package: filehook 2011/10/12 v0.5d Hooks for input files
)))
("C:\Users\lortiz.SECMCA\AppData\Local\Programs\MiKTeX 2.9\tex\latex\beamer\bea
merbasetranslator.sty"
("C:\Users\lortiz.SECMCA\AppData\Local\Programs\MiKTeX 2.9\tex\latex\beamer\tra
nslator\translator.sty"
Package: translator 2010/06/12 ver 1.10

("C:\Users\lortiz.SECMCA\AppData\Local\Programs\MiKTeX 2.9\tex\latex\beamer\tra
nslator\translator-language-mappings.tex")))
("C:\Users\lortiz.SECMCA\AppData\Local\Programs\MiKTeX 2.9\tex\latex\beamer\bea
merbasemisc.sty")
("C:\Users\lortiz.SECMCA\AppData\Local\Programs\MiKTeX 2.9\tex\latex\beamer\bea
merbasetwoscreens.sty")
("C:\Users\lortiz.SECMCA\AppData\Local\Programs\MiKTeX 2.9\tex\latex\beamer\bea
merbaseoverlay.sty"
\beamer@argscount=\count129
\beamer@lastskipcover=\skip44
\beamer@trivlistdepth=\count130
)
("C:\Users\lortiz.SECMCA\AppData\Local\Programs\MiKTeX 2.9\tex\latex\beamer\bea
merbasetitle.sty")
("C:\Users\lortiz.SECMCA\AppData\Local\Programs\MiKTeX 2.9\tex\latex\beamer\bea
merbasesection.sty"
\c@lecture=\count131
\c@part=\count132
\c@section=\count133
\c@subsection=\count134
\c@subsubsection=\count135
)
("C:\Users\lortiz.SECMCA\AppData\Local\Programs\MiKTeX 2.9\tex\latex\beamer\bea
merbaseframe.sty"
\beamer@framebox=\box41
\beamer@frametitlebox=\box42
\beamer@zoombox=\box43
\beamer@zoomcount=\count136
\beamer@zoomframecount=\count137
\beamer@frametextheight=\dimen168
\c@subsectionslide=\count138
\beamer@frametopskip=\skip45
\beamer@framebottomskip=\skip46
\beamer@frametopskipautobreak=\skip47
\beamer@framebottomskipautobreak=\skip48
\beamer@envbody=\toks27
\framewidth=\dimen169
\c@framenumber=\count139
)
("C:\Users\lortiz.SECMCA\AppData\Local\Programs\MiKTeX 2.9\tex\latex\beamer\bea
merbaseverbatim.sty"
\beamer@verbatimfileout=\write4
)
("C:\Users\lortiz.SECMCA\AppData\Local\Programs\MiKTeX 2.9\tex\latex\beamer\bea
merbaseframesize.sty"
\beamer@splitbox=\box44
\beamer@autobreakcount=\count140
\beamer@autobreaklastheight=\dimen170
\beamer@frametitletoks=\toks28
\beamer@framesubtitletoks=\toks29
)
("C:\Users\lortiz.SECMCA\AppData\Local\Programs\MiKTeX 2.9\tex\latex\beamer\bea
merbaseframecomponents.sty"
\beamer@footins=\box45
)
("C:\Users\lortiz.SECMCA\AppData\Local\Programs\MiKTeX 2.9\tex\latex\beamer\bea
merbasecolor.sty")
("C:\Users\lortiz.SECMCA\AppData\Local\Programs\MiKTeX 2.9\tex\latex\beamer\bea
merbasenotes.sty"
\beamer@frameboxcopy=\box46
)
("C:\Users\lortiz.SECMCA\AppData\Local\Programs\MiKTeX 2.9\tex\latex\beamer\bea
merbasetoc.sty")
("C:\Users\lortiz.SECMCA\AppData\Local\Programs\MiKTeX 2.9\tex\latex\beamer\bea
merbasetemplates.sty"
\beamer@sbttoks=\toks30

("C:\Users\lortiz.SECMCA\AppData\Local\Programs\MiKTeX 2.9\tex\latex\beamer\bea
merbaseauxtemplates.sty"
("C:\Users\lortiz.SECMCA\AppData\Local\Programs\MiKTeX 2.9\tex\latex\beamer\bea
merbaseboxes.sty"
\bmb@box=\box47
\bmb@colorbox=\box48
\bmb@boxshadow=\box49
\bmb@boxshadowball=\box50
\bmb@boxshadowballlarge=\box51
\bmb@temp=\dimen171
\bmb@dima=\dimen172
\bmb@dimb=\dimen173
\bmb@prevheight=\dimen174
)
\beamer@blockheadheight=\dimen175
))
("C:\Users\lortiz.SECMCA\AppData\Local\Programs\MiKTeX 2.9\tex\latex\beamer\bea
merbaselocalstructure.sty"
("C:\Users\lortiz.SECMCA\AppData\Local\Programs\MiKTeX 2.9\tex\latex\tools\enum
erate.sty"
Package: enumerate 2015/07/23 v3.00 enumerate extensions (DPC)
\@enLab=\toks31
)
\c@figure=\count141
\c@table=\count142
\abovecaptionskip=\skip49
\belowcaptionskip=\skip50
)
("C:\Users\lortiz.SECMCA\AppData\Local\Programs\MiKTeX 2.9\tex\latex\beamer\bea
merbasenavigation.sty"
\beamer@section@min@dim=\dimen176
)
("C:\Users\lortiz.SECMCA\AppData\Local\Programs\MiKTeX 2.9\tex\latex\beamer\bea
merbasetheorems.sty"
("C:\Users\lortiz.SECMCA\AppData\Local\Programs\MiKTeX 2.9\tex\latex\amsmath\am
smath.sty"
Package: amsmath 2016/06/28 v2.15d AMS math features
\@mathmargin=\skip51

For additional information on amsmath, use the `?' option.

("C:\Users\lortiz.SECMCA\AppData\Local\Programs\MiKTeX 2.9\tex\latex\amsmath\am
stext.sty"
Package: amstext 2000/06/29 v2.01 AMS text

("C:\Users\lortiz.SECMCA\AppData\Local\Programs\MiKTeX 2.9\tex\latex\amsmath\am
sgen.sty"
File: amsgen.sty 1999/11/30 v2.0 generic functions
\@emptytoks=\toks32
\ex@=\dimen177
))
("C:\Users\lortiz.SECMCA\AppData\Local\Programs\MiKTeX 2.9\tex\latex\amsmath\am
sbsy.sty"
Package: amsbsy 1999/11/29 v1.2d Bold Symbols
\pmbraise@=\dimen178
)
("C:\Users\lortiz.SECMCA\AppData\Local\Programs\MiKTeX 2.9\tex\latex\amsmath\am
sopn.sty"
Package: amsopn 2016/03/08 v2.02 operator names
)
\inf@bad=\count143
LaTeX Info: Redefining \frac on input line 199.
\uproot@=\count144
\leftroot@=\count145
LaTeX Info: Redefining \overline on input line 297.
\classnum@=\count146
\DOTSCASE@=\count147
LaTeX Info: Redefining \ldots on input line 394.
LaTeX Info: Redefining \dots on input line 397.
LaTeX Info: Redefining \cdots on input line 518.
\Mathstrutbox@=\box52
\strutbox@=\box53
\big@size=\dimen179
LaTeX Font Info:    Redeclaring font encoding OML on input line 634.
LaTeX Font Info:    Redeclaring font encoding OMS on input line 635.
\macc@depth=\count148
\c@MaxMatrixCols=\count149
\dotsspace@=\muskip11
\c@parentequation=\count150
\dspbrk@lvl=\count151
\tag@help=\toks33
\row@=\count152
\column@=\count153
\maxfields@=\count154
\andhelp@=\toks34
\eqnshift@=\dimen180
\alignsep@=\dimen181
\tagshift@=\dimen182
\tagwidth@=\dimen183
\totwidth@=\dimen184
\lineht@=\dimen185
\@envbody=\toks35
\multlinegap=\skip52
\multlinetaggap=\skip53
\mathdisplay@stack=\toks36
LaTeX Info: Redefining \[ on input line 2739.
LaTeX Info: Redefining \] on input line 2740.
)
("C:\Users\lortiz.SECMCA\AppData\Local\Programs\MiKTeX 2.9\tex\latex\amscls\ams
thm.sty"
Package: amsthm 2015/03/04 v2.20.2
\thm@style=\toks37
\thm@bodyfont=\toks38
\thm@headfont=\toks39
\thm@notefont=\toks40
\thm@headpunct=\toks41
\thm@preskip=\skip54
\thm@postskip=\skip55
\thm@headsep=\skip56
\dth@everypar=\toks42
)
\c@theorem=\count155
)
("C:\Users\lortiz.SECMCA\AppData\Local\Programs\MiKTeX 2.9\tex\latex\beamer\bea
merbasethemes.sty"))
("C:\Users\lortiz.SECMCA\AppData\Local\Programs\MiKTeX 2.9\tex\latex\beamer\the
mes\theme\beamerthemedefault.sty"
("C:\Users\lortiz.SECMCA\AppData\Local\Programs\MiKTeX 2.9\tex\latex\beamer\the
mes\font\beamerfontthemedefault.sty")
("C:\Users\lortiz.SECMCA\AppData\Local\Programs\MiKTeX 2.9\tex\latex\beamer\the
mes\color\beamercolorthemedefault.sty")
("C:\Users\lortiz.SECMCA\AppData\Local\Programs\MiKTeX 2.9\tex\latex\beamer\the
mes\inner\beamerinnerthemedefault.sty"
\beamer@dima=\dimen186
\beamer@dimb=\dimen187
)
("C:\Users\lortiz.SECMCA\AppData\Local\Programs\MiKTeX 2.9\tex\latex\beamer\the
mes\outer\beamerouterthemedefault.sty")))

! LaTeX Error: Option clash for package xcolor.

See the LaTeX manual or LaTeX Companion for explanation.
Type  H <return>  for immediate help.
 ...                                              
                                                  
l.28 \definecolor
                 {luis}{RGB}{175,160,225}
The package xcolor has already been loaded with options:
  []
There has now been an attempt to load it with options
  [x11names,table]
Adding the global options:
  ,x11names,table
to your \documentclass declaration may fix this.
Try typing  <return>  to proceed.


("C:\Users\lortiz.SECMCA\AppData\Local\Programs\MiKTeX 2.9\tex\latex\beamer\the
mes\theme\beamerthemeBoadilla.sty"
("C:\Users\lortiz.SECMCA\AppData\Local\Programs\MiKTeX 2.9\tex\latex\beamer\the
mes\color\beamercolorthemerose.sty")
("C:\Users\lortiz.SECMCA\AppData\Local\Programs\MiKTeX 2.9\tex\latex\beamer\the
mes\inner\beamerinnerthemerounded.sty")
("C:\Users\lortiz.SECMCA\AppData\Local\Programs\MiKTeX 2.9\tex\latex\beamer\the
mes\color\beamercolorthemedolphin.sty")
("C:\Users\lortiz.SECMCA\AppData\Local\Programs\MiKTeX 2.9\tex\latex\beamer\the
mes\outer\beamerouterthemeinfolines.sty"))
("C:\Users\lortiz.SECMCA\AppData\Local\Programs\MiKTeX 2.9\tex\latex\polyglossi
a\polyglossia.sty"
Package: polyglossia 2015/03/25 v1.42.4 Alternative to Babel for XeLaTeX and Lu
aLaTeX

("C:\Users\lortiz.SECMCA\AppData\Local\Programs\MiKTeX 2.9\tex\latex\makecmds\m
akecmds.sty"
Package: makecmds 2009/09/03 v1.0a extra command making commands
)
("C:\Users\lortiz.SECMCA\AppData\Local\Programs\MiKTeX 2.9\tex\latex\xkeyval\xk
eyval.sty"
Package: xkeyval 2014/12/03 v2.7a package option processing (HA)

("C:\Users\lortiz.SECMCA\AppData\Local\Programs\MiKTeX 2.9\tex\generic\xkeyval\
xkeyval.tex"
("C:\Users\lortiz.SECMCA\AppData\Local\Programs\MiKTeX 2.9\tex\generic\xkeyval\
xkvutils.tex"
\XKV@toks=\toks43
\XKV@tempa@toks=\toks44
)
\XKV@depth=\count156
File: xkeyval.tex 2014/12/03 v2.7a key=value parser (HA)
))
("C:\Users\lortiz.SECMCA\AppData\Local\Programs\MiKTeX 2.9\tex\latex\fontspec\f
ontspec.sty"
("C:\Users\lortiz.SECMCA\AppData\Local\Programs\MiKTeX 2.9\tex\latex\l3kernel\e
xpl3.sty"
Package: expl3 2017/03/18 v7019 L3 programming layer (loader) 

("C:\Users\lortiz.SECMCA\AppData\Local\Programs\MiKTeX 2.9\tex\latex\l3kernel\e
xpl3-code.tex"
Package: expl3 2017/03/18 v7019 L3 programming layer (code)
\c_max_int=\count157
\l_tmpa_int=\count158
\l_tmpb_int=\count159
\g_tmpa_int=\count160
\g_tmpb_int=\count161
\g__prg_map_int=\count162
\c_log_iow=\count163
\l_iow_line_count_int=\count164
\l__iow_line_target_int=\count165
\l__iow_one_indent_int=\count166
\l__iow_indent_int=\count167
\c_zero_dim=\dimen188
\c_max_dim=\dimen189
\l_tmpa_dim=\dimen190
\l_tmpb_dim=\dimen191
\g_tmpa_dim=\dimen192
\g_tmpb_dim=\dimen193
\c_zero_skip=\skip57
\c_max_skip=\skip58
\l_tmpa_skip=\skip59
\l_tmpb_skip=\skip60
\g_tmpa_skip=\skip61
\g_tmpb_skip=\skip62
\c_zero_muskip=\muskip12
\c_max_muskip=\muskip13
\l_tmpa_muskip=\muskip14
\l_tmpb_muskip=\muskip15
\g_tmpa_muskip=\muskip16
\g_tmpb_muskip=\muskip17
\l_keys_choice_int=\count168
\c__fp_leading_shift_int=\count169
\c__fp_middle_shift_int=\count170
\c__fp_trailing_shift_int=\count171
\c__fp_big_leading_shift_int=\count172
\c__fp_big_middle_shift_int=\count173
\c__fp_big_trailing_shift_int=\count174
\c__fp_Bigg_leading_shift_int=\count175
\c__fp_Bigg_middle_shift_int=\count176
\c__fp_Bigg_trailing_shift_int=\count177
\l__sort_length_int=\count178
\l__sort_min_int=\count179
\l__sort_top_int=\count180
\l__sort_max_int=\count181
\l__sort_true_max_int=\count182
\l__sort_block_int=\count183
\l__sort_begin_int=\count184
\l__sort_end_int=\count185
\l__sort_A_int=\count186
\l__sort_B_int=\count187
\l__sort_C_int=\count188
\c_empty_box=\box54
\l_tmpa_box=\box55
\l_tmpb_box=\box56
\g_tmpa_box=\box57
\g_tmpb_box=\box58
\l__coffin_internal_box=\box59
\l__coffin_internal_dim=\dimen194
\l__coffin_offset_x_dim=\dimen195
\l__coffin_offset_y_dim=\dimen196
\l__coffin_x_dim=\dimen197
\l__coffin_y_dim=\dimen198
\l__coffin_x_prime_dim=\dimen199
\l__coffin_y_prime_dim=\dimen256
\c_empty_coffin=\box60
\l__coffin_aligned_coffin=\box61
\l__coffin_aligned_internal_coffin=\box62
\l_tmpa_coffin=\box63
\l_tmpb_coffin=\box64
\l__coffin_display_coffin=\box65
\l__coffin_display_coord_coffin=\box66
\l__coffin_display_pole_coffin=\box67
\l__coffin_display_offset_dim=\dimen257
\l__coffin_display_x_dim=\dimen258
\l__coffin_display_y_dim=\dimen259
\l__box_top_dim=\dimen260
\l__box_bottom_dim=\dimen261
\l__box_left_dim=\dimen262
\l__box_right_dim=\dimen263
\l__box_top_new_dim=\dimen264
\l__box_bottom_new_dim=\dimen265
\l__box_left_new_dim=\dimen266
\l__box_right_new_dim=\dimen267
\l__box_internal_box=\box68
\l__coffin_bounding_shift_dim=\dimen268
\l__coffin_left_corner_dim=\dimen269
\l__coffin_right_corner_dim=\dimen270
\l__coffin_bottom_corner_dim=\dimen271
\l__coffin_top_corner_dim=\dimen272
\l__coffin_scaled_total_height_dim=\dimen273
\l__coffin_scaled_width_dim=\dimen274
)
("C:\Users\lortiz.SECMCA\AppData\Local\Programs\MiKTeX 2.9\tex\latex\l3kernel\l
3xdvipdfmx.def"
File: l3xdvidpfmx.def 2017/03/18 v7019 L3 Experimental driver: xdvipdfmx
\l__driver_tmp_box=\box69
))
("C:\Users\lortiz.SECMCA\AppData\Local\Programs\MiKTeX 2.9\tex\latex\l3packages
\xparse\xparse.sty"
Package: xparse 2017/03/18 v7019 L3 Experimental document command parser
\l__xparse_current_arg_int=\count189
\g__xparse_grabber_int=\count190
\l__xparse_m_args_int=\count191
\l__xparse_mandatory_args_int=\count192
\l__xparse_v_nesting_int=\count193
)
Package: fontspec 2017/03/31 v2.6a Font selection for XeLaTeX and LuaLaTeX

("C:\Users\lortiz.SECMCA\AppData\Local\Programs\MiKTeX 2.9\tex\latex\fontspec\f
ontspec-xetex.sty"
Package: fontspec-xetex 2017/03/31 v2.6a Font selection for XeLaTeX and LuaLaTe
X
\l__fontspec_script_int=\count194
\l__fontspec_language_int=\count195
\l__fontspec_strnum_int=\count196
\l__fontspec_tmp_int=\count197
\l__fontspec_em_int=\count198
\l__fontspec_emdef_int=\count199
\l__fontspec_strong_int=\count266
\l__fontspec_strongdef_int=\count267
\l__fontspec_tmpa_dim=\dimen275
\l__fontspec_tmpb_dim=\dimen276
\l__fontspec_tmpc_dim=\dimen277
\g__file_internal_ior=\read2

*************************************************
* fontspec warning: "tu-missing"
* 
* The TU encoding seems to be missing; please update to the latest version of
* LaTeX2e.
*************************************************

("C:\Users\lortiz.SECMCA\AppData\Local\Programs\MiKTeX 2.9\tex\latex\base\fonte
nc.sty"
Package: fontenc 2016/06/19 v1.99m Standard LaTeX package

("C:\Users\lortiz.SECMCA\AppData\Local\Programs\MiKTeX 2.9\tex\latex\euenc\eu1e
nc.def"
File: eu1enc.def 2010/05/27 v0.1h Experimental Unicode font encodings
)
LaTeX Font Info:    Try loading font information for EU1+lmr on input line 105.


("C:\Users\lortiz.SECMCA\AppData\Local\Programs\MiKTeX 2.9\tex\latex\euenc\eu1l
mr.fd"
File: eu1lmr.fd 2009/10/30 v1.6 Font defs for Latin Modern
))
("C:\Users\lortiz.SECMCA\AppData\Local\Programs\MiKTeX 2.9\tex\xelatex\xunicode
\xunicode.sty"
File: xunicode.sty 2011/09/09 v0.981 provides access to latin accents and many 
other characters in Unicode lower plane

("C:\Users\lortiz.SECMCA\AppData\Local\Programs\MiKTeX 2.9\tex\latex\tipa\t3enc
.def"
File: t3enc.def 2001/12/31 T3 encoding
LaTeX Font Info:    Try loading font information for EU1+lmss on input line 357
.

("C:\Users\lortiz.SECMCA\AppData\Local\Programs\MiKTeX 2.9\tex\latex\euenc\eu1l
mss.fd"
File: eu1lmss.fd 2009/10/30 v1.6 Font defs for Latin Modern
))
\tipaTiiicode=\count268
\tipasavetokens=\toks45
\tipachecktokens=\toks46
)
.................................................
. LaTeX info: "xparse/define-command"
. 
. Defining command \fontspec with sig. 'O{}mO{}' on line 472.
.................................................
.................................................
. LaTeX info: "xparse/define-command"
. 
. Defining command \setmainfont with sig. 'O{}mO{}' on line 483.
.................................................
.................................................
. LaTeX info: "xparse/define-command"
. 
. Defining command \setsansfont with sig. 'O{}mO{}' on line 503.
.................................................
.................................................
. LaTeX info: "xparse/define-command"
. 
. Defining command \setmonofont with sig. 'O{}mO{}' on line 523.
.................................................
.................................................
. LaTeX info: "xparse/define-command"
. 
. Defining command \setromanfont with sig. 'O{}mO{}' on line 543.
.................................................
.................................................
. LaTeX info: "xparse/define-command"
. 
. Defining command \setmathrm with sig. 'O{}mO{}' on line 547.
.................................................
.................................................
. LaTeX info: "xparse/define-command"
. 
. Defining command \setboldmathrm with sig. 'O{}mO{}' on line 555.
.................................................
.................................................
. LaTeX info: "xparse/define-command"
. 
. Defining command \setmathsf with sig. 'O{}mO{}' on line 563.
.................................................
.................................................
. LaTeX info: "xparse/define-command"
. 
. Defining command \setmathtt with sig. 'O{}mO{}' on line 571.
.................................................
.................................................
. LaTeX info: "xparse/define-command"
. 
. Defining command \newfontfamily with sig. 'mO{}mO{}' on line 586.
.................................................
.................................................
. LaTeX info: "xparse/define-command"
. 
. Defining command \newfontface with sig. 'mO{}mO{}' on line 603.
.................................................
.................................................
. LaTeX info: "xparse/define-command"
. 
. Defining command \defaultfontfeatures with sig. 't+om' on line 614.
.................................................
.................................................
. LaTeX info: "xparse/define-command"
. 
. Defining command \addfontfeatures with sig. 'm' on line 645.
.................................................
.................................................
. LaTeX info: "xparse/define-command"
. 
. Defining command \newfontfeature with sig. 'mm' on line 672.
.................................................
.................................................
. LaTeX info: "xparse/define-command"
. 
. Defining command \newAATfeature with sig. 'mmmm' on line 686.
.................................................
.................................................
. LaTeX info: "xparse/define-command"
. 
. Defining command \newopentypefeature with sig. 'mmm' on line 700.
.................................................
.................................................
. LaTeX info: "xparse/define-command"
. 
. Defining command \newICUfeature with sig. 'mmm' on line 720.
.................................................
.................................................
. LaTeX info: "xparse/define-command"
. 
. Defining command \aliasfontfeature with sig. 'mm' on line 724.
.................................................
.................................................
. LaTeX info: "xparse/define-command"
. 
. Defining command \aliasfontfeatureoption with sig. 'mmm' on line 745.
.................................................
.................................................
. LaTeX info: "xparse/define-command"
. 
. Defining command \newfontscript with sig. 'mm' on line 778.
.................................................
.................................................
. LaTeX info: "xparse/define-command"
. 
. Defining command \newfontlanguage with sig. 'mm' on line 782.
.................................................
.................................................
. LaTeX info: "xparse/define-command"
. 
. Defining command \DeclareFontsExtensions with sig. 'm' on line 786.
.................................................
.................................................
. LaTeX info: "xparse/define-command"
. 
. Defining command \IfFontFeatureActiveTF with sig. 'mmm' on line 797.
.................................................
.................................................
. LaTeX info: "xparse/define-command"
. 
. Defining command \EncodingCommand with sig. 'mO{}m' on line 3438.
.................................................
.................................................
. LaTeX info: "xparse/define-command"
. 
. Defining command \EncodingAccent with sig. 'mm' on line 3444.
.................................................
.................................................
. LaTeX info: "xparse/define-command"
. 
. Defining command \EncodingSymbol with sig. 'mm' on line 3450.
.................................................
.................................................
. LaTeX info: "xparse/define-command"
. 
. Defining command \EncodingComposite with sig. 'mmm' on line 3456.
.................................................
.................................................
. LaTeX info: "xparse/define-command"
. 
. Defining command \EncodingCompositeCommand with sig. 'mmm' on line 3462.
.................................................
.................................................
. LaTeX info: "xparse/define-command"
. 
. Defining command \DeclareUnicodeEncoding with sig. 'mm' on line 3487.
.................................................
.................................................
. LaTeX info: "xparse/define-command"
. 
. Defining command \UndeclareSymbol with sig. 'm' on line 3493.
.................................................
.................................................
. LaTeX info: "xparse/define-command"
. 
. Defining command \UndeclareComposite with sig. 'mm' on line 3501.
.................................................

("C:\Users\lortiz.SECMCA\AppData\Local\Programs\MiKTeX 2.9\tex\latex\fontspec\f
ontspec.cfg")
LaTeX Info: Redefining \itshape on input line 3686.
LaTeX Info: Redefining \slshape on input line 3691.
LaTeX Info: Redefining \scshape on input line 3696.
LaTeX Info: Redefining \upshape on input line 3701.
LaTeX Info: Redefining \em on input line 3731.
LaTeX Info: Redefining \emph on input line 3756.
LaTeX Font Info:    Font shape `EU1/lmss/m/it' in size <10.95> not available
(Font)              Font shape `EU1/lmss/m/sl' tried instead on input line 3806
.
LaTeX Info: Redefining \- on input line 3807.
.................................................
. LaTeX info: "xparse/redefine-command"
. 
. Redefining command \oldstylenums with sig. 'm' on line 3902.
.................................................
.................................................
. LaTeX info: "xparse/define-command"
. 
. Defining command \liningnums with sig. 'm' on line 3906.
.................................................
))
\xpg@normalclass=\XeTeXcharclass1
)
("C:\Users\lortiz.SECMCA\AppData\Local\Programs\MiKTeX 2.9\tex\latex\polyglossi
a\gloss-spanish.ldf"
File: gloss-spanish.ldf polyglossia: module for spanish
)
Package polyglossia Info: Default language is spanish.

("C:\Users\lortiz.SECMCA\AppData\Local\Programs\MiKTeX 2.9\tex\latex\todonotes\
todonotes.sty"
Package: todonotes 2015/07/09 .dtx Todonotes source and documentation.
Package: todonotes 2012/07/25

("C:\Users\lortiz.SECMCA\AppData\Local\Programs\MiKTeX 2.9\tex\latex\base\ifthe
n.sty"
Package: ifthen 2014/09/29 v1.1c Standard LaTeX ifthen package (DPC)
) (C:\localtexmf\tex\latex\base\tex\tikz.sty
(C:\localtexmf\tex\latex\base\tex\pgf.sty
Package: pgf 2015/08/07 v3.0.1a (rcs-revision 1.15)

(C:\localtexmf\tex\latex\base\tex\pgfmoduleshapes.code.tex
File: pgfmoduleshapes.code.tex 2014/03/21  (rcs-revision 1.35)
\pgfnodeparttextbox=\box70
)
(C:\localtexmf\tex\latex\base\tex\pgfmoduleplot.code.tex
File: pgfmoduleplot.code.tex 2015/08/03  (rcs-revision 1.13)
)
(C:\localtexmf\tex\latex\base\tex\pgfcomp-version-0-65.sty
Package: pgfcomp-version-0-65 2007/07/03 v3.0.1a (rcs-revision 1.7)
\pgf@nodesepstart=\dimen278
\pgf@nodesepend=\dimen279
)
(C:\localtexmf\tex\latex\base\tex\pgfcomp-version-1-18.sty
Package: pgfcomp-version-1-18 2007/07/23 v3.0.1a (rcs-revision 1.1)
))
(C:\localtexmf\tex\latex\base\tex\pgffor.sty
(C:\localtexmf\tex\latex\base\tex\pgfkeys.sty
(C:\localtexmf\tex\latex\base\tex\pgfkeys.code.tex))
(C:\localtexmf\tex\latex\base\tex\pgfmath.sty
(C:\localtexmf\tex\latex\base\tex\pgfmath.code.tex))
(C:\localtexmf\tex\latex\base\tex\pgffor.code.tex
Package: pgffor 2013/12/13 v3.0.1a (rcs-revision 1.25)

(C:\localtexmf\tex\latex\base\tex\pgfmath.code.tex)
\pgffor@iter=\dimen280
\pgffor@skip=\dimen281
\pgffor@stack=\toks47
\pgffor@toks=\toks48
))
(C:\localtexmf\tex\latex\base\tex\tikz.code.tex
Package: tikz 2015/08/07 v3.0.1a (rcs-revision 1.151)

(C:\localtexmf\tex\latex\base\tex\pgflibraryplothandlers.code.tex
File: pgflibraryplothandlers.code.tex 2013/08/31 v3.0.1a (rcs-revision 1.20)
\pgf@plot@mark@count=\count269
\pgfplotmarksize=\dimen282
)
\tikz@lastx=\dimen283
\tikz@lasty=\dimen284
\tikz@lastxsaved=\dimen285
\tikz@lastysaved=\dimen286
\tikzleveldistance=\dimen287
\tikzsiblingdistance=\dimen288
\tikz@figbox=\box71
\tikz@figbox@bg=\box72
\tikz@tempbox=\box73
\tikz@tempbox@bg=\box74
\tikztreelevel=\count270
\tikznumberofchildren=\count271
\tikznumberofcurrentchild=\count272
\tikz@fig@count=\count273

(C:\localtexmf\tex\latex\base\tex\pgfmodulematrix.code.tex
File: pgfmodulematrix.code.tex 2013/09/17  (rcs-revision 1.8)
\pgfmatrixcurrentrow=\count274
\pgfmatrixcurrentcolumn=\count275
\pgf@matrix@numberofcolumns=\count276
)
\tikz@expandcount=\count277

(C:\localtexmf\tex\latex\base\tex\tikzlibrarytopaths.code.tex
File: tikzlibrarytopaths.code.tex 2008/06/17 v3.0.1a (rcs-revision 1.2)
)))
(C:\localtexmf\tex\latex\base\tex\tikzlibrarypositioning.code.tex
File: tikzlibrarypositioning.code.tex 2008/10/06 v3.0.1a (rcs-revision 1.7)
)
("C:\Users\lortiz.SECMCA\AppData\Local\Programs\MiKTeX 2.9\tex\latex\tools\calc
.sty"
Package: calc 2014/10/28 v4.3 Infix arithmetic (KKT,FJ)
\calc@Acount=\count278
\calc@Bcount=\count279
\calc@Adimen=\dimen289
\calc@Bdimen=\dimen290
\calc@Askip=\skip63
\calc@Bskip=\skip64
LaTeX Info: Redefining \setlength on input line 80.
LaTeX Info: Redefining \addtolength on input line 81.
\calc@Ccount=\count280
\calc@Cskip=\skip65
)
\c@@todonotes@numberoftodonotes=\count281
)
("C:\Users\lortiz.SECMCA\AppData\Local\Programs\MiKTeX 2.9\tex\latex\xltxtra\xl
txtra.sty"
Package: xltxtra 2016/01/21 v0.6 Improvements for the "XeLaTeX" format

("C:\Users\lortiz.SECMCA\AppData\Local\Programs\MiKTeX 2.9\tex\latex\realscript
s\realscripts.sty"
Package: realscripts 2016/02/13 v0.3d Access OpenType subscripts and superscrip
ts
.................................................
. LaTeX info: "xparse/define-command"
. 
. Defining command \fakesubscript with sig. 'm' on line 19.
.................................................
.................................................
. LaTeX info: "xparse/define-command"
. 
. Defining command \fakesuperscript with sig. 'm' on line 22.
.................................................
.................................................
. LaTeX info: "xparse/redefine-command"
. 
. Redefining command \textsubscript with sig. 's' on line 25.
.................................................
.................................................
. LaTeX info: "xparse/redefine-command"
. 
. Redefining command \textsuperscript with sig. 's' on line 28.
.................................................
.................................................
. LaTeX info: "xparse/define-command"
. 
. Defining command \realsubscript with sig. 'm' on line 45.
.................................................
.................................................
. LaTeX info: "xparse/define-command"
. 
. Defining command \realsuperscript with sig. 'm' on line 60.
.................................................
.................................................
. LaTeX info: "xparse/define-command"
. 
. Defining command \textsubsuperscript with sig. 'sO{l}mm' on line 138.
.................................................
.................................................
. LaTeX info: "xparse/define-command"
. 
. Defining command \textsupersubscript with sig. 'sO{l}mm' on line 143.
.................................................
\subsupersep=\dimen291
)
("C:\Users\lortiz.SECMCA\AppData\Local\Programs\MiKTeX 2.9\tex\latex\metalogo\m
etalogo.sty"
Package: metalogo 2010/05/29 v0.12 Extended TeX logo macros
\xl@everylogo=\toks49
\xl@@everylogo=\toks50
LaTeX Info: Redefining \TeX on input line 193.
LaTeX Info: Redefining \LaTeX on input line 202.
LaTeX Info: Redefining \LaTeXe on input line 219.
)
\l__xetex_show_hyphens_wrapping_box=\box75
\l__xetex_show_hyphens_temp_box=\box76
\l__xetex_show_hyphens_final_box=\box77
\g__xetex_show_hyphens_word_box=\box78
)
("C:\Users\lortiz.SECMCA\AppData\Local\Programs\MiKTeX 2.9\tex\latex\tabu\tabu.
sty"
Package: tabu 2011/02/26 v2.8 - flexible LaTeX tabulars (FC)

("C:\Users\lortiz.SECMCA\AppData\Local\Programs\MiKTeX 2.9\tex\latex\tools\arra
y.sty"
Package: array 2014/10/28 v2.4c Tabular extension package (FMi)
\col@sep=\dimen292
\extrarowheight=\dimen293
\NC@list=\toks51
\extratabsurround=\skip66
\backup@length=\skip67
)
("C:\Users\lortiz.SECMCA\AppData\Local\Programs\MiKTeX 2.9\tex\latex\ltxmisc\va
rwidth.sty"
Package: varwidth 2009/03/30 ver 0.92;  Variable-width minipages
\@vwid@box=\box79
\sift@deathcycles=\count282
\@vwid@loff=\dimen294
\@vwid@roff=\dimen295
)
\c@taburow=\count283
\tabu@nbcols=\count284
\tabu@cnt=\count285
\tabu@Xcol=\count286
\tabu@alloc=\count287
\tabu@nested=\count288
\tabu@target=\dimen296
\tabu@spreadtarget=\dimen297
\tabu@naturalX=\dimen298
\tabucolX=\dimen299
\tabu@Xsum=\dimen300
\extrarowdepth=\dimen301
\abovetabulinesep=\dimen302
\belowtabulinesep=\dimen303
\tabustrutrule=\dimen304
\tabu@thebody=\toks52
\tabu@footnotes=\toks53
\tabu@box=\box80
\tabu@arstrutbox=\box81
\tabu@hleads=\box82
\tabu@vleads=\box83
\tabu@cellskip=\skip68
)
("C:\Users\lortiz.SECMCA\AppData\Local\Programs\MiKTeX 2.9\tex\latex\colortbl\c
olortbl.sty"
Package: colortbl 2012/02/13 v1.0a Color table columns (DPC)
\everycr=\toks54
\minrowclearance=\skip69
)

Package hyperref Warning: Option `bookmarks' has already been used,
(hyperref)                setting the option has no effect on input line 48.

Package hyperref Info: Option `colorlinks' set `true' on input line 48.

("C:\Users\lortiz.SECMCA\AppData\Local\Programs\MiKTeX 2.9\tex\latex\pgfplots\p
gfplots.sty"
("C:\Users\lortiz.SECMCA\AppData\Local\Programs\MiKTeX 2.9\tex\generic\pgfplots
\pgfplots.revision.tex")
Package: pgfplots 2016/08/10 v1.14 Data Visualization (1.14)

("C:\Users\lortiz.SECMCA\AppData\Local\Programs\MiKTeX 2.9\tex\generic\pgfplots
\pgfplots.code.tex"
("C:\Users\lortiz.SECMCA\AppData\Local\Programs\MiKTeX 2.9\tex\generic\pgfplots
\pgfplotscore.code.tex"
\t@pgfplots@toka=\toks55
\t@pgfplots@tokb=\toks56
\t@pgfplots@tokc=\toks57
\pgfplots@tmpa=\dimen305
\c@pgfplots@coordindex=\count289
\c@pgfplots@scanlineindex=\count290

("C:\Users\lortiz.SECMCA\AppData\Local\Programs\MiKTeX 2.9\tex\generic\pgfplots
\sys\pgfplotssysgeneric.code.tex"))
("C:\Users\lortiz.SECMCA\AppData\Local\Programs\MiKTeX 2.9\tex\generic\pgfplots
\libs\pgfplotslibrary.code.tex")
("C:\Users\lortiz.SECMCA\AppData\Local\Programs\MiKTeX 2.9\tex\generic\pgfplots
\oldpgfcompatib\pgfplotsoldpgfsupp_loader.code.tex"
(C:\localtexmf\tex\latex\base\tex\pgflibraryfpu.code.tex)
Package pgfplots: loading complementary arithmetics for your pgf version...

("C:\Users\lortiz.SECMCA\AppData\Local\Programs\MiKTeX 2.9\tex\generic\pgfplots
\oldpgfcompatib\pgfplotsoldpgfsupp_pgflibraryfpu.code.tex")
("C:\Users\lortiz.SECMCA\AppData\Local\Programs\MiKTeX 2.9\tex\generic\pgfplots
\oldpgfcompatib\pgfplotsoldpgfsupp_pgfmathfloat.code.tex"
\c@pgfmathroundto@lastzeros=\count291
))
("C:\Users\lortiz.SECMCA\AppData\Local\Programs\MiKTeX 2.9\tex\generic\pgfplots
\util\pgfplotsutil.code.tex"
("C:\Users\lortiz.SECMCA\AppData\Local\Programs\MiKTeX 2.9\tex\generic\pgfplots
\liststructure\pgfplotsliststructure.code.tex")
("C:\Users\lortiz.SECMCA\AppData\Local\Programs\MiKTeX 2.9\tex\generic\pgfplots
\liststructure\pgfplotsliststructureext.code.tex")
("C:\Users\lortiz.SECMCA\AppData\Local\Programs\MiKTeX 2.9\tex\generic\pgfplots
\liststructure\pgfplotsarray.code.tex"
\c@pgfplotsarray@tmp=\count292
)
("C:\Users\lortiz.SECMCA\AppData\Local\Programs\MiKTeX 2.9\tex\generic\pgfplots
\liststructure\pgfplotsmatrix.code.tex")
("C:\Users\lortiz.SECMCA\AppData\Local\Programs\MiKTeX 2.9\tex\generic\pgfplots
\numtable\pgfplotstableshared.code.tex"
\c@pgfplotstable@counta=\count293
\t@pgfplotstable@a=\toks58
)
("C:\Users\lortiz.SECMCA\AppData\Local\Programs\MiKTeX 2.9\tex\generic\pgfplots
\liststructure\pgfplotsdeque.code.tex")
("C:\Users\lortiz.SECMCA\AppData\Local\Programs\MiKTeX 2.9\tex\generic\pgfplots
\util\pgfplotsbinary.code.tex"
("C:\Users\lortiz.SECMCA\AppData\Local\Programs\MiKTeX 2.9\tex\generic\pgfplots
\util\pgfplotsbinary.data.code.tex"))
("C:\Users\lortiz.SECMCA\AppData\Local\Programs\MiKTeX 2.9\tex\generic\pgfplots
\util\pgfplotsutil.verb.code.tex")
("C:\Users\lortiz.SECMCA\AppData\Local\Programs\MiKTeX 2.9\tex\generic\pgfplots
\libs\pgflibrarypgfplots.surfshading.code.tex"
\c@pgfplotslibrarysurf@no=\count294

("C:\Users\lortiz.SECMCA\AppData\Local\Programs\MiKTeX 2.9\tex\generic\pgfplots
\sys\pgflibrarypgfplots.surfshading.pgfsys-xetex.def"
("C:\Users\lortiz.SECMCA\AppData\Local\Programs\MiKTeX 2.9\tex\generic\pgfplots
\sys\pgflibrarypgfplots.surfshading.pgfsys-dvipdfmx.def"
\c@pgfplotslibrarysurf@streamlen=\count295
))))
("C:\Users\lortiz.SECMCA\AppData\Local\Programs\MiKTeX 2.9\tex\generic\pgfplots
\util\pgfplotscolormap.code.tex"
("C:\Users\lortiz.SECMCA\AppData\Local\Programs\MiKTeX 2.9\tex\generic\pgfplots
\util\pgfplotscolor.code.tex"))
("C:\Users\lortiz.SECMCA\AppData\Local\Programs\MiKTeX 2.9\tex\generic\pgfplots
\pgfplotsstackedplots.code.tex")
("C:\Users\lortiz.SECMCA\AppData\Local\Programs\MiKTeX 2.9\tex\generic\pgfplots
\pgfplotsplothandlers.code.tex"
("C:\Users\lortiz.SECMCA\AppData\Local\Programs\MiKTeX 2.9\tex\generic\pgfplots
\pgfplotsmeshplothandler.code.tex"
("C:\Users\lortiz.SECMCA\AppData\Local\Programs\MiKTeX 2.9\tex\generic\pgfplots
\pgfplotsmeshplotimage.code.tex")))
("C:\Users\lortiz.SECMCA\AppData\Local\Programs\MiKTeX 2.9\tex\generic\pgfplots
\pgfplots.scaling.code.tex")
("C:\Users\lortiz.SECMCA\AppData\Local\Programs\MiKTeX 2.9\tex\generic\pgfplots
\pgfplotscoordprocessing.code.tex")
("C:\Users\lortiz.SECMCA\AppData\Local\Programs\MiKTeX 2.9\tex\generic\pgfplots
\pgfplots.errorbars.code.tex")
("C:\Users\lortiz.SECMCA\AppData\Local\Programs\MiKTeX 2.9\tex\generic\pgfplots
\pgfplots.markers.code.tex")
("C:\Users\lortiz.SECMCA\AppData\Local\Programs\MiKTeX 2.9\tex\generic\pgfplots
\pgfplotsticks.code.tex")
("C:\Users\lortiz.SECMCA\AppData\Local\Programs\MiKTeX 2.9\tex\generic\pgfplots
\pgfplots.paths.code.tex")
(C:\localtexmf\tex\latex\base\tex\tikzlibrarydecorations.code.tex
(C:\localtexmf\tex\latex\base\tex\pgfmoduledecorations.code.tex
\pgfdecoratedcompleteddistance=\dimen306
\pgfdecoratedremainingdistance=\dimen307
\pgfdecoratedinputsegmentcompleteddistance=\dimen308
\pgfdecoratedinputsegmentremainingdistance=\dimen309
\pgf@decorate@distancetomove=\dimen310
\pgf@decorate@repeatstate=\count296
\pgfdecorationsegmentamplitude=\dimen311
\pgfdecorationsegmentlength=\dimen312
)
\tikz@lib@dec@box=\box84
)
(C:\localtexmf\tex\latex\base\tex\tikzlibrarydecorations.pathmorphing.code.tex
(C:\localtexmf\tex\latex\base\tex\pgflibrarydecorations.pathmorphing.code.tex))

(C:\localtexmf\tex\latex\base\tex\tikzlibrarydecorations.pathreplacing.code.tex
(C:\localtexmf\tex\latex\base\tex\pgflibrarydecorations.pathreplacing.code.tex)
)
\pgfplots@numplots=\count297
\pgfplots@xmin@reg=\dimen313
\pgfplots@xmax@reg=\dimen314
\pgfplots@ymin@reg=\dimen315
\pgfplots@ymax@reg=\dimen316
\pgfplots@zmin@reg=\dimen317
\pgfplots@zmax@reg=\dimen318
) (C:\localtexmf\tex\latex\base\tex\tikzlibraryplotmarks.code.tex
File: tikzlibraryplotmarks.code.tex 2008/01/09 v3.0.1a (rcs-revision 1.1)

(C:\localtexmf\tex\latex\base\tex\pgflibraryplotmarks.code.tex
File: pgflibraryplotmarks.code.tex 2015/08/03 v3.0.1a (rcs-revision 1.14)
)))
("C:\Users\lortiz.SECMCA\AppData\Local\Programs\MiKTeX 2.9\tex\latex\ctable\cta
ble.sty"
Package: ctable 2015/10/17 v1.31 ctable package for flexible typesetting of tab
le and figure floats using key/value directives

("C:\Users\lortiz.SECMCA\AppData\Local\Programs\MiKTeX 2.9\tex\latex\tools\tabu
larx.sty"
Package: tabularx 2016/02/03 v2.11 `tabularx' package (DPC)
\TX@col@width=\dimen319
\TX@old@table=\dimen320
\TX@old@col=\dimen321
\TX@target=\dimen322
\TX@delta=\dimen323
\TX@cols=\count298
\TX@ftn=\toks59
)
("C:\Users\lortiz.SECMCA\AppData\Local\Programs\MiKTeX 2.9\tex\latex\booktabs\b
ooktabs.sty"
Package: booktabs 2005/04/14 v1.61803 publication quality tables
\heavyrulewidth=\dimen324
\lightrulewidth=\dimen325
\cmidrulewidth=\dimen326
\belowrulesep=\dimen327
\belowbottomsep=\dimen328
\aboverulesep=\dimen329
\abovetopsep=\dimen330
\cmidrulesep=\dimen331
\cmidrulekern=\dimen332
\defaultaddspace=\dimen333
\@cmidla=\count299
\@cmidlb=\count300
\@aboverulesep=\dimen334
\@belowrulesep=\dimen335
\@thisruleclass=\count301
\@lastruleclass=\count302
\@thisrulewidth=\dimen336
)
("C:\Users\lortiz.SECMCA\AppData\Local\Programs\MiKTeX 2.9\tex\latex\graphics\r
otating.sty"
Package: rotating 2016/05/22 v2.16c rotated objects in LaTeX
\c@r@tfl@t=\count303
\rotFPtop=\skip70
\rotFPbot=\skip71
\rot@float@box=\box85
\rot@mess@toks=\toks60
)

Package ctable Warning: 
(ctable)                Transparency disabled: pdfTeX is not running in PDF mod
e .

\@CTframesep=\dimen337
\@dfltCTframesep=\dimen338
\@CTframerule=\dimen339
\@dfltCTframerule=\dimen340
\@CTwidth=\dimen341
\@dfltCTwidth=\dimen342
\@CTcaptionskip=\dimen343
\@dfltCTcaptionskip=\dimen344
\@CTmaxwidth=\dimen345
\@dfltCTmaxwidth=\dimen346
\@CTmincapwidth=\dimen347
\@dfltCTmincapwidth=\dimen348
\@CTfooterwidth=\dimen349
\@dfltCTfooterwidth=\dimen350
\@CTw=\dimen351
\@CTfloatwidth=\dimen352
\@CToldsep=\dimen353
\@CToldrule=\dimen354
\CT@t=\box86
\@CTcurftwidth=\dimen355
)
("C:\Users\lortiz.SECMCA\AppData\Local\Programs\MiKTeX 2.9\tex\latex\multirow\m
ultirow.sty"
\bigstrutjot=\dimen356
)
("C:\Users\lortiz.SECMCA\AppData\Local\Programs\MiKTeX 2.9\tex\latex\wasysym\wa
sysym.sty"
Package: wasysym 2003/10/30 v2.0 Wasy-2 symbol support package
\symwasy=\mathgroup6
LaTeX Font Info:    Overwriting symbol font `wasy' in version `bold'
(Font)                  U/wasy/m/n --> U/wasy/b/n on input line 90.
)
("C:\Users\lortiz.SECMCA\AppData\Local\Programs\MiKTeX 2.9\tex\latex\beamer\mul
timedia\multimedia.sty"
Package: multimedia 2012/05/02 ver 0.02
\mm@movie=\count304
)
("C:\Users\lortiz.SECMCA\AppData\Local\Programs\MiKTeX 2.9\tex\latex\biblatex\b
iblatex.sty"
Package: biblatex 2016/12/05 v3.7 programmable bibliographies (PK/JW/AB)

("C:\Users\lortiz.SECMCA\AppData\Local\Programs\MiKTeX 2.9\tex\latex\logreq\log
req.sty"
Package: logreq 2010/08/04 v1.0 xml request logger
\lrq@indent=\count305

("C:\Users\lortiz.SECMCA\AppData\Local\Programs\MiKTeX 2.9\tex\latex\logreq\log
req.def"
File: logreq.def 2010/08/04 v1.0 logreq spec v1.0
))
("C:\Users\lortiz.SECMCA\AppData\Local\Programs\MiKTeX 2.9\tex\latex\xstring\xs
tring.sty"
("C:\Users\lortiz.SECMCA\AppData\Local\Programs\MiKTeX 2.9\tex\generic\xstring\
xstring.tex"
\@xs@message=\write5
\integerpart=\count306
\decimalpart=\count307
)
Package: xstring 2013/10/13  v1.7c  String manipulations (C Tellechea)
)
\c@tabx@nest=\count308
\c@listtotal=\count309
\c@listcount=\count310
\c@liststart=\count311
\c@liststop=\count312
\c@citecount=\count313
\c@citetotal=\count314
\c@multicitecount=\count315
\c@multicitetotal=\count316
\c@instcount=\count317
\c@maxnames=\count318
\c@minnames=\count319
\c@maxitems=\count320
\c@minitems=\count321
\c@citecounter=\count322
\c@savedcitecounter=\count323
\c@uniquelist=\count324
\c@uniquename=\count325
\c@refsection=\count326
\c@refsegment=\count327
\c@maxextratitle=\count328
\c@maxextratitleyear=\count329
\c@maxextrayear=\count330
\c@maxextraalpha=\count331
\c@abbrvpenalty=\count332
\c@highnamepenalty=\count333
\c@lownamepenalty=\count334
\c@maxparens=\count335
\c@parenlevel=\count336
\blx@tempcnta=\count337
\blx@tempcntb=\count338
\blx@tempcntc=\count339
\blx@maxsection=\count340
\blx@maxsegment@0=\count341
\blx@notetype=\count342
\blx@parenlevel@text=\count343
\blx@parenlevel@foot=\count344
\blx@sectionciteorder@0=\count345
\labelnumberwidth=\skip72
\labelalphawidth=\skip73
\biblabelsep=\skip74
\bibitemsep=\skip75
\bibnamesep=\skip76
\bibinitsep=\skip77
\bibparsep=\skip78
\bibhang=\skip79
\blx@bcfin=\read3
\blx@bcfout=\write6
\c@mincomprange=\count346
\c@maxcomprange=\count347
\c@mincompwidth=\count348
Package biblatex Info: Trying to load biblatex default data model...
Package biblatex Info: ... file 'blx-dm.def' found.

("C:\Users\lortiz.SECMCA\AppData\Local\Programs\MiKTeX 2.9\tex\latex\biblatex\b
lx-dm.def")
Package biblatex Info: Trying to load biblatex citestyle data model...
Package biblatex Info: ... file 'authoryear-icomp.dbx' not found.
Package biblatex Info: Trying to load biblatex bibstyle data model...
Package biblatex Info: ... file 'authoryear.dbx' not found.
Package biblatex Info: Trying to load biblatex custom data model...
Package biblatex Info: ... file 'biblatex-dm.cfg' not found.
\c@afterword=\count349
\c@savedafterword=\count350
\c@annotator=\count351
\c@savedannotator=\count352
\c@author=\count353
\c@savedauthor=\count354
\c@bookauthor=\count355
\c@savedbookauthor=\count356
\c@commentator=\count357
\c@savedcommentator=\count358
\c@editor=\count359
\c@savededitor=\count360
\c@editora=\count361
\c@savededitora=\count362
\c@editorb=\count363
\c@savededitorb=\count364
\c@editorc=\count365
\c@savededitorc=\count366
\c@foreword=\count367
\c@savedforeword=\count368
\c@holder=\count369
\c@savedholder=\count370
\c@introduction=\count371
\c@savedintroduction=\count372
\c@namea=\count373
\c@savednamea=\count374
\c@nameb=\count375
\c@savednameb=\count376
\c@namec=\count377
\c@savednamec=\count378
\c@translator=\count379
\c@savedtranslator=\count380
\c@shortauthor=\count381
\c@savedshortauthor=\count382
\c@shorteditor=\count383
\c@savedshorteditor=\count384
\c@labelname=\count385
\c@savedlabelname=\count386
\c@institution=\count387
\c@savedinstitution=\count388
\c@lista=\count389
\c@savedlista=\count390
\c@listb=\count391
\c@savedlistb=\count392
\c@listc=\count393
\c@savedlistc=\count394
\c@listd=\count395
\c@savedlistd=\count396
\c@liste=\count397
\c@savedliste=\count398
\c@listf=\count399
\c@savedlistf=\count400
\c@location=\count401
\c@savedlocation=\count402
\c@organization=\count403
\c@savedorganization=\count404
\c@origlocation=\count405
\c@savedoriglocation=\count406
\c@origpublisher=\count407
\c@savedorigpublisher=\count408
\c@publisher=\count409
\c@savedpublisher=\count410
\c@language=\count411
\c@savedlanguage=\count412
\c@pageref=\count413
\c@savedpageref=\count414
\shorthandwidth=\skip80
\shortjournalwidth=\skip81
\shortserieswidth=\skip82
\shorttitlewidth=\skip83
\shortauthorwidth=\skip84
\shorteditorwidth=\skip85
Package biblatex Info: Trying to load compatibility code...
Package biblatex Info: ... file 'blx-compat.def' found.

("C:\Users\lortiz.SECMCA\AppData\Local\Programs\MiKTeX 2.9\tex\latex\biblatex\b
lx-compat.def"
File: blx-compat.def 2016/12/05 v3.7 biblatex compatibility (PK/JW/AB)
)
Package biblatex Info: Trying to load generic definitions...
Package biblatex Info: ... file 'biblatex.def' found.

("C:\Users\lortiz.SECMCA\AppData\Local\Programs\MiKTeX 2.9\tex\latex\biblatex\b
iblatex.def"
File: biblatex.def 2016/12/05 v3.7 biblatex compatibility (PK/JW/AB)
\c@textcitecount=\count415
\c@textcitetotal=\count416
\c@textcitemaxnames=\count417
\c@biburlnumpenalty=\count418
\c@biburlucpenalty=\count419
\c@biburllcpenalty=\count420
\c@smartand=\count421
)
Package biblatex Info: Trying to load bibliography style 'authoryear'...
Package biblatex Info: ... file 'authoryear.bbx' found.

("C:\Users\lortiz.SECMCA\AppData\Local\Programs\MiKTeX 2.9\tex\latex\biblatex\b
bx\authoryear.bbx"
File: authoryear.bbx 2016/12/05 v3.7 biblatex bibliography style (PK/JW/AB)
Package biblatex Info: Trying to load bibliography style 'standard'...
Package biblatex Info: ... file 'standard.bbx' found.

("C:\Users\lortiz.SECMCA\AppData\Local\Programs\MiKTeX 2.9\tex\latex\biblatex\b
bx\standard.bbx"
File: standard.bbx 2016/12/05 v3.7 biblatex bibliography style (PK/JW/AB)
\c@bbx:relatedcount=\count422
\c@bbx:relatedtotal=\count423
))
Package biblatex Info: Trying to load citation style 'authoryear-icomp'...
Package biblatex Info: ... file 'authoryear-icomp.cbx' found.

("C:\Users\lortiz.SECMCA\AppData\Local\Programs\MiKTeX 2.9\tex\latex\biblatex\c
bx\authoryear-icomp.cbx"
File: authoryear-icomp.cbx 2016/12/05 v3.7 biblatex citation style (PK/JW/AB)
Package biblatex Info: Redefining '\cite'.
Package biblatex Info: Redefining '\parencite'.
Package biblatex Info: Redefining '\footcite'.
Package biblatex Info: Redefining '\footcitetext'.
Package biblatex Info: Redefining '\smartcite'.
Package biblatex Info: Redefining '\textcite'.
Package biblatex Info: Redefining '\textcites'.
Package biblatex Info: Redefining '\cites'.
Package biblatex Info: Redefining '\parencites'.
Package biblatex Info: Redefining '\footcites'.
Package biblatex Info: Redefining '\footcitetexts'.
Package biblatex Info: Redefining '\smartcites'.
)
Package biblatex Info: Trying to load configuration file...
Package biblatex Info: ... file 'biblatex.cfg' found.

("C:\Users\lortiz.SECMCA\AppData\Local\Programs\MiKTeX 2.9\tex\latex\biblatex\b
iblatex.cfg"
File: biblatex.cfg 
))
("C:\Users\lortiz.SECMCA\AppData\Local\Programs\MiKTeX 2.9\tex\latex\changepage
\changepage.sty"
Package: changepage 2009/10/20 v1.0c check page and change page layout
\c@cp@cntr=\count424
\cp@tempcnt=\count425
)
("C:\Users\lortiz.SECMCA\AppData\Local\Programs\MiKTeX 2.9\tex\latex\mathtools\
mathtools.sty"
Package: mathtools 2015/11/12 v1.18 mathematical typesetting tools

("C:\Users\lortiz.SECMCA\AppData\Local\Programs\MiKTeX 2.9\tex\latex\mathtools\
mhsetup.sty"
Package: mhsetup 2010/01/21 v1.2a programming setup (MH)
)
LaTeX Info: Thecontrolsequence`\('isalreadyrobust on input line 129.
LaTeX Info: Thecontrolsequence`\)'isalreadyrobust on input line 129.
LaTeX Info: Thecontrolsequence`\['isalreadyrobust on input line 129.
LaTeX Info: Thecontrolsequence`\]'isalreadyrobust on input line 129.
\g_MT_multlinerow_int=\count426
\l_MT_multwidth_dim=\dimen357
\origjot=\skip86
\l_MT_shortvdotswithinadjustabove_dim=\dimen358
\l_MT_shortvdotswithinadjustbelow_dim=\dimen359
\l_MT_above_intertext_sep=\dimen360
\l_MT_below_intertext_sep=\dimen361
\l_MT_above_shortintertext_sep=\dimen362
\l_MT_below_shortintertext_sep=\dimen363
)
("C:\Users\lortiz.SECMCA\AppData\Local\Programs\MiKTeX 2.9\tex\latex\l3packages
\xfrac\xfrac.sty"
("C:\Users\lortiz.SECMCA\AppData\Local\Programs\MiKTeX 2.9\tex\latex\l3packages
\l3keys2e\l3keys2e.sty"
Package: l3keys2e 2017/03/18 v7019 LaTeX2e option processing using LaTeX3 keys
)
("C:\Users\lortiz.SECMCA\AppData\Local\Programs\MiKTeX 2.9\tex\latex\base\textc
omp.sty"
Package: textcomp 2016/06/19 v1.99m Standard LaTeX package
Package textcomp Info: Sub-encoding information:
(textcomp)               5 = only ISO-Adobe without \textcurrency
(textcomp)               4 = 5 + \texteuro
(textcomp)               3 = 4 + \textohm
(textcomp)               2 = 3 + \textestimated + \textcurrency
(textcomp)               1 = TS1 - \textcircled - \t
(textcomp)               0 = TS1 (full)
(textcomp)             Font families with sub-encoding setting implement
(textcomp)             only a restricted character set as indicated.
(textcomp)             Family '?' is the default used for unknown fonts.
(textcomp)             See the documentation for details.
Package textcomp Info: Setting ? sub-encoding to TS1/1 on input line 79.

("C:\Users\lortiz.SECMCA\AppData\Local\Programs\MiKTeX 2.9\tex\latex\base\ts1en
c.def"
File: ts1enc.def 2001/06/05 v3.0e (jk/car/fm) Standard LaTeX file
)
LaTeX Info: Redefining \oldstylenums on input line 334.
Package textcomp Info: Setting cmr sub-encoding to TS1/0 on input line 349.
Package textcomp Info: Setting cmss sub-encoding to TS1/0 on input line 350.
Package textcomp Info: Setting cmtt sub-encoding to TS1/0 on input line 351.
Package textcomp Info: Setting cmvtt sub-encoding to TS1/0 on input line 352.
Package textcomp Info: Setting cmbr sub-encoding to TS1/0 on input line 353.
Package textcomp Info: Setting cmtl sub-encoding to TS1/0 on input line 354.
Package textcomp Info: Setting ccr sub-encoding to TS1/0 on input line 355.
Package textcomp Info: Setting ptm sub-encoding to TS1/4 on input line 356.
Package textcomp Info: Setting pcr sub-encoding to TS1/4 on input line 357.
Package textcomp Info: Setting phv sub-encoding to TS1/4 on input line 358.
Package textcomp Info: Setting ppl sub-encoding to TS1/3 on input line 359.
Package textcomp Info: Setting pag sub-encoding to TS1/4 on input line 360.
Package textcomp Info: Setting pbk sub-encoding to TS1/4 on input line 361.
Package textcomp Info: Setting pnc sub-encoding to TS1/4 on input line 362.
Package textcomp Info: Setting pzc sub-encoding to TS1/4 on input line 363.
Package textcomp Info: Setting bch sub-encoding to TS1/4 on input line 364.
Package textcomp Info: Setting put sub-encoding to TS1/5 on input line 365.
Package textcomp Info: Setting uag sub-encoding to TS1/5 on input line 366.
Package textcomp Info: Setting ugq sub-encoding to TS1/5 on input line 367.
Package textcomp Info: Setting ul8 sub-encoding to TS1/4 on input line 368.
Package textcomp Info: Setting ul9 sub-encoding to TS1/4 on input line 369.
Package textcomp Info: Setting augie sub-encoding to TS1/5 on input line 370.
Package textcomp Info: Setting dayrom sub-encoding to TS1/3 on input line 371.
Package textcomp Info: Setting dayroms sub-encoding to TS1/3 on input line 372.

Package textcomp Info: Setting pxr sub-encoding to TS1/0 on input line 373.
Package textcomp Info: Setting pxss sub-encoding to TS1/0 on input line 374.
Package textcomp Info: Setting pxtt sub-encoding to TS1/0 on input line 375.
Package textcomp Info: Setting txr sub-encoding to TS1/0 on input line 376.
Package textcomp Info: Setting txss sub-encoding to TS1/0 on input line 377.
Package textcomp Info: Setting txtt sub-encoding to TS1/0 on input line 378.
Package textcomp Info: Setting lmr sub-encoding to TS1/0 on input line 379.
Package textcomp Info: Setting lmdh sub-encoding to TS1/0 on input line 380.
Package textcomp Info: Setting lmss sub-encoding to TS1/0 on input line 381.
Package textcomp Info: Setting lmssq sub-encoding to TS1/0 on input line 382.
Package textcomp Info: Setting lmvtt sub-encoding to TS1/0 on input line 383.
Package textcomp Info: Setting lmtt sub-encoding to TS1/0 on input line 384.
Package textcomp Info: Setting qhv sub-encoding to TS1/0 on input line 385.
Package textcomp Info: Setting qag sub-encoding to TS1/0 on input line 386.
Package textcomp Info: Setting qbk sub-encoding to TS1/0 on input line 387.
Package textcomp Info: Setting qcr sub-encoding to TS1/0 on input line 388.
Package textcomp Info: Setting qcs sub-encoding to TS1/0 on input line 389.
Package textcomp Info: Setting qpl sub-encoding to TS1/0 on input line 390.
Package textcomp Info: Setting qtm sub-encoding to TS1/0 on input line 391.
Package textcomp Info: Setting qzc sub-encoding to TS1/0 on input line 392.
Package textcomp Info: Setting qhvc sub-encoding to TS1/0 on input line 393.
Package textcomp Info: Setting futs sub-encoding to TS1/4 on input line 394.
Package textcomp Info: Setting futx sub-encoding to TS1/4 on input line 395.
Package textcomp Info: Setting futj sub-encoding to TS1/4 on input line 396.
Package textcomp Info: Setting hlh sub-encoding to TS1/3 on input line 397.
Package textcomp Info: Setting hls sub-encoding to TS1/3 on input line 398.
Package textcomp Info: Setting hlst sub-encoding to TS1/3 on input line 399.
Package textcomp Info: Setting hlct sub-encoding to TS1/5 on input line 400.
Package textcomp Info: Setting hlx sub-encoding to TS1/5 on input line 401.
Package textcomp Info: Setting hlce sub-encoding to TS1/5 on input line 402.
Package textcomp Info: Setting hlcn sub-encoding to TS1/5 on input line 403.
Package textcomp Info: Setting hlcw sub-encoding to TS1/5 on input line 404.
Package textcomp Info: Setting hlcf sub-encoding to TS1/5 on input line 405.
Package textcomp Info: Setting pplx sub-encoding to TS1/3 on input line 406.
Package textcomp Info: Setting pplj sub-encoding to TS1/3 on input line 407.
Package textcomp Info: Setting ptmx sub-encoding to TS1/4 on input line 408.
Package textcomp Info: Setting ptmj sub-encoding to TS1/4 on input line 409.
)
("C:\Users\lortiz.SECMCA\AppData\Local\Programs\MiKTeX 2.9\tex\latex\l3packages
\xtemplate\xtemplate.sty"
Package: xtemplate 2017/03/18 v7019 L3 Experimental prototype document function
s
\l__xtemplate_tmp_dim=\dimen364
\l__xtemplate_tmp_int=\count427
\l__xtemplate_tmp_muskip=\muskip18
\l__xtemplate_tmp_skip=\skip87
)
Package: xfrac 2017/03/18 v7019 L3 Experimental split-level fractions
\l__xfrac_slash_box=\box87
\l__xfrac_tmp_box=\box88
\l__xfrac_denominator_bot_sep_dim=\dimen365
\l__xfrac_numerator_bot_sep_dim=\dimen366
\l__xfrac_numerator_top_sep_dim=\dimen367
\l__xfrac_slash_left_sep_dim=\dimen368
\l__xfrac_slash_right_sep_dim=\dimen369
\l__xfrac_slash_left_muskip=\muskip19
\l__xfrac_slash_right_muskip=\muskip20
.................................................
. xtemplate info: "declare-object-type"
. 
. Declaring object type 'xfrac' taking 3 argument(s) on line 82.
.................................................
.................................................
. LaTeX info: "xparse/define-command"
. 
. Defining command \sfrac with sig. 'omom' on line 421.
.................................................
)
("C:\Users\lortiz.SECMCA\AppData\Local\Programs\MiKTeX 2.9\tex\latex\pstricks\p
stricks.sty"
Package: pstricks 2015/11/14 v0.62 LaTeX wrapper for `PSTricks' (RN,HV)

("C:\Users\lortiz.SECMCA\AppData\Local\Programs\MiKTeX 2.9\tex\generic\pstricks
\base\pstricks.tex"
("C:\Users\lortiz.SECMCA\AppData\Local\Programs\MiKTeX 2.9\tex\generic\xkeyval\
pst-xkey.tex"
File: pst-xkey.tex 2005/11/25 v1.6 PSTricks specialization of xkeyval (HA)
)
("C:\Users\lortiz.SECMCA\AppData\Local\Programs\MiKTeX 2.9\tex\generic\pstricks
\base\pst-fp.tex" `pst-fp' v0.05, 2010/01/17 (hv)
\pstFP@xs=\count428
\pstFP@xia=\count429
\pstFP@xib=\count430
\pstFP@xfa=\count431
\pstFP@xfb=\count432
\pstFP@rega=\count433
\pstFP@regb=\count434
\pstFP@regs=\count435
\pstFP@times=\count436
)
(C:\localtexmf\tex\latex\base\tex\pgfutil-common.tex
\pgfutil@everybye=\toks61
\pgfutil@tempdima=\dimen370
\pgfutil@tempdimb=\dimen371

(C:\localtexmf\tex\latex\base\tex\pgfutil-common-lists.tex))
(C:\localtexmf\tex\latex\base\tex\pgfkeys.code.tex)
(C:\localtexmf\tex\latex\base\tex\pgffor.code.tex
(C:\localtexmf\tex\latex\base\tex\pgfmath.code.tex)
\pgffor@iter=\dimen372
\pgffor@skip=\dimen373
\pgffor@stack=\toks62
\pgffor@toks=\toks63
)
\psLoopIndex=\count437

`PSTricks' v2.68  <2016/06/09> (tvz)
\pst@dima=\dimen374
\pst@dimb=\dimen375
\pst@dimc=\dimen376
\pst@dimd=\dimen377
\pst@dimg=\dimen378
\pst@dimh=\dimen379
\pst@dimm=\dimen380
\pst@dimn=\dimen381
\pst@dimo=\dimen382
\pst@dimp=\dimen383
\pst@hbox=\box89
\pst@ibox=\box90
\pst@boxg=\box91
\pst@cnta=\count438
\pst@cntb=\count439
\pst@cntc=\count440
\pst@cntd=\count441
\pst@cntg=\count442
\pst@cnth=\count443
\pst@cntm=\count444
\pst@cntn=\count445
\pst@cnto=\count446
\pst@cntp=\count447
\@zero=\count448
\pst@toks=\toks64

("C:\Users\lortiz.SECMCA\AppData\Local\Programs\MiKTeX 2.9\tex\xelatex\xetex-ps
tricks\pstricks.con"
("C:\Users\lortiz.SECMCA\AppData\Local\Programs\MiKTeX 2.9\tex\generic\pstricks
\config\xdvipdfmx.cfg"))
\psunit=\dimen384
\psxunit=\dimen385
\psyunit=\dimen386
\pst@C@@rType=\count449
\pslinewidth=\dimen387
\psk@startLW=\dimen388
\psk@endLW=\dimen389
\pst@customdefs=\toks65
\pslinearc=\dimen390
\pst@symbolStep=\dimen391
\pst@symbolWidth=\dimen392
\pst@symbolLinewidth=\dimen393
\everypsbox=\toks66
\psframesep=\dimen394
\pslabelsep=\dimen395
\sh@wgridXunit=\dimen396
\sh@wgridYunit=\dimen397
\pst@shift=\dimen398

("C:\Users\lortiz.SECMCA\AppData\Local\Programs\MiKTeX 2.9\tex\xelatex\xetex-ps
tricks\pstricks.con"
("C:\Users\lortiz.SECMCA\AppData\Local\Programs\MiKTeX 2.9\tex\generic\pstricks
\config\xdvipdfmx.cfg"
Using PSTricks configuration for XeTeX+xdvipdfmx
)))
File: pstricks.tex 2016/06/09 v2.68 `PSTricks' (tvz,hv)

("C:\Users\lortiz.SECMCA\AppData\Local\Programs\MiKTeX 2.9\tex\generic\pstricks
\base\pst-fp.tex")
File: pst-fp.tex 2016/06/09 v2.68 `PST-fp' (hv)
)
\c@theexample=\count450

("C:\Users\lortiz.SECMCA\AppData\Local\Programs\MiKTeX 2.9\tex\latex\beamer\the
mes\font\beamerfontthemeprofessionalfonts.sty")
(C:\localtexmf\tex\latex\base\tex\tikzlibraryarrows.code.tex
File: tikzlibraryarrows.code.tex 2008/01/09 v3.0.1a (rcs-revision 1.1)

(C:\localtexmf\tex\latex\base\tex\pgflibraryarrows.code.tex
File: pgflibraryarrows.code.tex 2013/09/23 v3.0.1a (rcs-revision 1.16)
\arrowsize=\dimen399
))
(C:\localtexmf\tex\latex\base\tex\tikzlibraryshapes.code.tex
File: tikzlibraryshapes.code.tex 2008/01/09 v3.0.1a (rcs-revision 1.1)

(C:\localtexmf\tex\latex\base\tex\tikzlibraryshapes.geometric.code.tex
File: tikzlibraryshapes.geometric.code.tex 2008/01/09 v3.0.1a (rcs-revision 1.1
)

(C:\localtexmf\tex\latex\base\tex\pgflibraryshapes.geometric.code.tex
File: pgflibraryshapes.geometric.code.tex 2008/06/26 v3.0.1a (rcs-revision 1.1)

))
(C:\localtexmf\tex\latex\base\tex\tikzlibraryshapes.misc.code.tex
File: tikzlibraryshapes.misc.code.tex 2008/01/09 v3.0.1a (rcs-revision 1.1)

(C:\localtexmf\tex\latex\base\tex\pgflibraryshapes.misc.code.tex
File: pgflibraryshapes.misc.code.tex 2013/07/18 v3.0.1a (rcs-revision 1.5)
))
(C:\localtexmf\tex\latex\base\tex\tikzlibraryshapes.symbols.code.tex
File: tikzlibraryshapes.symbols.code.tex 2008/01/09 v3.0.1a (rcs-revision 1.1)

(C:\localtexmf\tex\latex\base\tex\pgflibraryshapes.symbols.code.tex
File: pgflibraryshapes.symbols.code.tex 2013/09/11 v3.0.1a (rcs-revision 1.6)
))
(C:\localtexmf\tex\latex\base\tex\tikzlibraryshapes.arrows.code.tex
File: tikzlibraryshapes.arrows.code.tex 2008/01/09 v3.0.1a (rcs-revision 1.1)

(C:\localtexmf\tex\latex\base\tex\pgflibraryshapes.arrows.code.tex
File: pgflibraryshapes.arrows.code.tex 2008/06/26 v3.0.1a (rcs-revision 1.1)
))
(C:\localtexmf\tex\latex\base\tex\tikzlibraryshapes.callouts.code.tex
(C:\localtexmf\tex\latex\base\tex\pgflibraryshapes.callouts.code.tex))
(C:\localtexmf\tex\latex\base\tex\tikzlibraryshapes.multipart.code.tex
File: tikzlibraryshapes.multipart.code.tex 2008/01/09 v3.0.1a (rcs-revision 1.1
)

(C:\localtexmf\tex\latex\base\tex\pgflibraryshapes.multipart.code.tex
File: pgflibraryshapes.multipart.code.tex 2010/01/07 v3.0.1a (rcs-revision 1.2)

\pgfnodepartlowerbox=\box92
\pgfnodeparttwobox=\box93
\pgfnodepartthreebox=\box94
\pgfnodepartfourbox=\box95
\pgfnodeparttwentybox=\box96
\pgfnodepartnineteenbox=\box97
\pgfnodeparteighteenbox=\box98
\pgfnodepartseventeenbox=\box99
\pgfnodepartsixteenbox=\box100
\pgfnodepartfifteenbox=\box101
\pgfnodepartfourteenbox=\box102
\pgfnodepartthirteenbox=\box103
\pgfnodeparttwelvebox=\box104
\pgfnodepartelevenbox=\box105
\pgfnodeparttenbox=\box106
\pgfnodepartninebox=\box107
\pgfnodeparteightbox=\box108
\pgfnodepartsevenbox=\box109
\pgfnodepartsixbox=\box110
\pgfnodepartfivebox=\box111
)))
(C:\localtexmf\tex\latex\base\tex\tikzlibraryshadows.code.tex
File: tikzlibraryshadows.code.tex 2008/01/13 v3.0.1a (rcs-revision 1.3)

(C:\localtexmf\tex\latex\base\tex\tikzlibraryfadings.code.tex
File: tikzlibraryfadings.code.tex 2009/11/15 v3.0.1a (rcs-revision 1.2)

(C:\localtexmf\tex\latex\base\tex\pgflibraryfadings.code.tex
File: pgflibraryfadings.code.tex 2008/02/07 v3.0.1a (rcs-revision 1.3)
)))
(C:\localtexmf\tex\latex\base\tex\tikzlibrarytrees.code.tex
File: tikzlibrarytrees.code.tex 2008/02/24 v3.0.1a (rcs-revision 1.2)
))
(C:\localtexmf\tex\latex\base\tex\pgfpages.sty
Package: pgfpages 2011/01/05 ver 0.02
\pgf@logicalpages=\count451
\pgf@firstshipout=\count452
\pgf@lastshipout=\count453
\pgf@currentshipout=\count454
\pgf@cpn=\count455
\pgf@shipoutnextto=\count456
\pgfphysicalheight=\dimen400
\pgfphysicalwidth=\dimen401
\pgfpages@shipoutbox=\box112
)

Package hyperref Warning: Token not allowed in a PDF string (Unicode):
(hyperref)                removing `\new@ifnextchar' on input line 30.

Package biblatex Info: Trying to load language 'spanish'...
Package biblatex Info: ... file 'spanish.lbx' found.

("C:\Users\lortiz.SECMCA\AppData\Local\Programs\MiKTeX 2.9\tex\latex\biblatex\l
bx\spanish.lbx"
File: spanish.lbx 2016/12/05 v3.7 biblatex localization (PK/JW/AB)
)

Package biblatex Warning: Patching footnotes failed.
(biblatex)                Footnote detection will not work.


Package biblatex Warning: 'babel/polyglossia' detected but 'csquotes' missing.
(biblatex)                Loading 'csquotes' recommended.

\@quotelevel=\count457
\@quotereset=\count458
(main_2.aux (RIESGOS_1.aux) (00-INTRO_2.aux))
\openout1 = `main_2.aux'.

LaTeX Font Info:    Checking defaults for OML/cmm/m/it on input line 30.
LaTeX Font Info:    ... okay on input line 30.
LaTeX Font Info:    Checking defaults for T1/cmr/m/n on input line 30.
LaTeX Font Info:    ... okay on input line 30.
LaTeX Font Info:    Checking defaults for OT1/cmr/m/n on input line 30.
LaTeX Font Info:    ... okay on input line 30.
LaTeX Font Info:    Checking defaults for OMS/cmsy/m/n on input line 30.
LaTeX Font Info:    ... okay on input line 30.
LaTeX Font Info:    Checking defaults for OMX/cmex/m/n on input line 30.
LaTeX Font Info:    ... okay on input line 30.
LaTeX Font Info:    Checking defaults for U/cmr/m/n on input line 30.
LaTeX Font Info:    ... okay on input line 30.
LaTeX Font Info:    Checking defaults for PD1/pdf/m/n on input line 30.
LaTeX Font Info:    ... okay on input line 30.
LaTeX Font Info:    Checking defaults for PU/pdf/m/n on input line 30.
LaTeX Font Info:    ... okay on input line 30.
LaTeX Font Info:    Checking defaults for EU1/lmr/m/n on input line 30.
LaTeX Font Info:    ... okay on input line 30.
LaTeX Font Info:    Checking defaults for T3/cmr/m/n on input line 30.
LaTeX Font Info:    Try loading font information for T3+cmr on input line 30.

("C:\Users\lortiz.SECMCA\AppData\Local\Programs\MiKTeX 2.9\tex\latex\tipa\t3cmr
.fd"
File: t3cmr.fd 2001/12/31 TIPA font definitions
)
LaTeX Font Info:    ... okay on input line 30.
LaTeX Font Info:    Checking defaults for TS1/cmr/m/n on input line 30.
LaTeX Font Info:    Try loading font information for TS1+cmr on input line 30.

("C:\Users\lortiz.SECMCA\AppData\Local\Programs\MiKTeX 2.9\tex\latex\base\ts1cm
r.fd"
File: ts1cmr.fd 2014/09/29 v2.5h Standard LaTeX font definitions
)
LaTeX Font Info:    ... okay on input line 30.

*geometry* detected driver: pdftex
*geometry* verbose mode - [ preamble ] result:
* driver: pdftex
* paper: custom
* layout: <same size as paper>
* layoutoffset:(h,v)=(0.0pt,0.0pt)
* modes: includehead includefoot 
* h-part:(L,W,R)=(10.95003pt, 342.2953pt, 10.95003pt)
* v-part:(T,H,B)=(0.0pt, 273.14662pt, 0.0pt)
* \paperwidth=364.19536pt
* \paperheight=273.14662pt
* \textwidth=342.2953pt
* \textheight=244.6939pt
* \oddsidemargin=-61.31996pt
* \evensidemargin=-61.31996pt
* \topmargin=-72.26999pt
* \headheight=14.22636pt
* \headsep=0.0pt
* \topskip=11.0pt
* \footskip=14.22636pt
* \marginparwidth=4.0pt
* \marginparsep=10.0pt
* \columnsep=10.0pt
* \skip\footins=10.0pt plus 4.0pt minus 2.0pt
* \hoffset=0.0pt
* \voffset=0.0pt
* \mag=1000
* \@twocolumnfalse
* \@twosidefalse
* \@mparswitchfalse
* \@reversemarginfalse
* (1in=72.27pt=25.4mm, 1cm=28.453pt)

ABD: EveryShipout initializing macros
\AtBeginShipoutBox=\box113
Package hyperref Info: Link coloring ON on input line 30.

("C:\Users\lortiz.SECMCA\AppData\Local\Programs\MiKTeX 2.9\tex\latex\hyperref\n
ameref.sty"
Package: nameref 2016/05/21 v2.44 Cross-referencing by name of section

("C:\Users\lortiz.SECMCA\AppData\Local\Programs\MiKTeX 2.9\tex\generic\oberdiek
\gettitlestring.sty"
Package: gettitlestring 2016/05/16 v1.5 Cleanup title references (HO)
)
\c@section@level=\count459
)
LaTeX Info: Redefining \ref on input line 30.
LaTeX Info: Redefining \pageref on input line 30.
LaTeX Info: Redefining \nameref on input line 30.
 (main_2.out) (main_2.out)
\@outlinefile=\write7
\openout7 = `main_2.out'.


("C:\Users\lortiz.SECMCA\AppData\Local\Programs\MiKTeX 2.9\tex\latex\beamer\tra
nslator\dicts\translator-basic-dictionary\translator-basic-dictionary-English.d
ict"
Dictionary: translator-basic-dictionary, Language: English 
)
("C:\Users\lortiz.SECMCA\AppData\Local\Programs\MiKTeX 2.9\tex\latex\beamer\tra
nslator\dicts\translator-bibliography-dictionary\translator-bibliography-dictio
nary-English.dict"
Dictionary: translator-bibliography-dictionary, Language: English 
)
("C:\Users\lortiz.SECMCA\AppData\Local\Programs\MiKTeX 2.9\tex\latex\beamer\tra
nslator\dicts\translator-environment-dictionary\translator-environment-dictiona
ry-English.dict"
Dictionary: translator-environment-dictionary, Language: English 
)
("C:\Users\lortiz.SECMCA\AppData\Local\Programs\MiKTeX 2.9\tex\latex\beamer\tra
nslator\dicts\translator-months-dictionary\translator-months-dictionary-English
.dict"
Dictionary: translator-months-dictionary, Language: English 
)
("C:\Users\lortiz.SECMCA\AppData\Local\Programs\MiKTeX 2.9\tex\latex\beamer\tra
nslator\dicts\translator-numbers-dictionary\translator-numbers-dictionary-Engli
sh.dict"
Dictionary: translator-numbers-dictionary, Language: English 
)
("C:\Users\lortiz.SECMCA\AppData\Local\Programs\MiKTeX 2.9\tex\latex\beamer\tra
nslator\dicts\translator-theorem-dictionary\translator-theorem-dictionary-Engli
sh.dict"
Dictionary: translator-theorem-dictionary, Language: English 
)
LaTeX Info: Redefining \includegraphics on input line 30.
.................................................
. fontspec info: "setup-math"
. 
. Adjusting the maths setup (use [no-math] to avoid this).
.................................................
\symlegacymaths=\mathgroup7
LaTeX Font Info:    Overwriting symbol font `legacymaths' in version `bold'
(Font)                  OT1/cmr/m/n --> OT1/cmr/bx/n on input line 30.
LaTeX Font Info:    Redeclaring math accent \acute on input line 30.
LaTeX Font Info:    Redeclaring math accent \grave on input line 30.
LaTeX Font Info:    Redeclaring math accent \ddot on input line 30.
LaTeX Font Info:    Redeclaring math accent \tilde on input line 30.
LaTeX Font Info:    Redeclaring math accent \bar on input line 30.
LaTeX Font Info:    Redeclaring math accent \breve on input line 30.
LaTeX Font Info:    Redeclaring math accent \check on input line 30.
LaTeX Font Info:    Redeclaring math accent \hat on input line 30.
LaTeX Font Info:    Redeclaring math accent \dot on input line 30.
LaTeX Font Info:    Redeclaring math accent \mathring on input line 30.
LaTeX Font Info:    Redeclaring math symbol \Gamma on input line 30.
LaTeX Font Info:    Redeclaring math symbol \Delta on input line 30.
LaTeX Font Info:    Redeclaring math symbol \Theta on input line 30.
LaTeX Font Info:    Redeclaring math symbol \Lambda on input line 30.
LaTeX Font Info:    Redeclaring math symbol \Xi on input line 30.
LaTeX Font Info:    Redeclaring math symbol \Pi on input line 30.
LaTeX Font Info:    Redeclaring math symbol \Sigma on input line 30.
LaTeX Font Info:    Redeclaring math symbol \Upsilon on input line 30.
LaTeX Font Info:    Redeclaring math symbol \Phi on input line 30.
LaTeX Font Info:    Redeclaring math symbol \Psi on input line 30.
LaTeX Font Info:    Redeclaring math symbol \Omega on input line 30.
LaTeX Font Info:    Redeclaring math symbol \mathdollar on input line 30.
LaTeX Font Info:    Redeclaring symbol font `operators' on input line 30.
LaTeX Font Info:    Encoding `OT1' has changed to `EU1' for symbol font
(Font)              `operators' in the math version `normal' on input line 30.
LaTeX Font Info:    Overwriting symbol font `operators' in version `normal'
(Font)                  OT1/cmr/m/n --> EU1/lmr/m/n on input line 30.
LaTeX Font Info:    Encoding `OT1' has changed to `EU1' for symbol font
(Font)              `operators' in the math version `bold' on input line 30.
LaTeX Font Info:    Overwriting symbol font `operators' in version `bold'
(Font)                  OT1/cmr/bx/n --> EU1/lmr/m/n on input line 30.
LaTeX Font Info:    Overwriting symbol font `operators' in version `normal'
(Font)                  EU1/lmr/m/n --> EU1/lmr/m/n on input line 30.
LaTeX Font Info:    Overwriting math alphabet `\mathit' in version `normal'
(Font)                  OT1/cmr/m/it --> EU1/lmr/m/it on input line 30.
LaTeX Font Info:    Overwriting math alphabet `\mathbf' in version `normal'
(Font)                  OT1/cmr/bx/n --> EU1/lmr/bx/n on input line 30.
LaTeX Font Info:    Overwriting math alphabet `\mathsf' in version `normal'
(Font)                  OT1/cmss/m/n --> EU1/lmss/m/n on input line 30.
LaTeX Font Info:    Overwriting math alphabet `\mathtt' in version `normal'
(Font)                  OT1/cmtt/m/n --> EU1/lmtt/m/n on input line 30.
LaTeX Font Info:    Overwriting symbol font `operators' in version `bold'
(Font)                  EU1/lmr/m/n --> EU1/lmr/bx/n on input line 30.
LaTeX Font Info:    Overwriting math alphabet `\mathit' in version `bold'
(Font)                  OT1/cmr/bx/it --> EU1/lmr/bx/it on input line 30.
LaTeX Font Info:    Overwriting math alphabet `\mathsf' in version `bold'
(Font)                  OT1/cmss/bx/n --> EU1/lmss/bx/n on input line 30.
LaTeX Font Info:    Overwriting math alphabet `\mathtt' in version `bold'
(Font)                  OT1/cmtt/m/n --> EU1/lmtt/bx/n on input line 30.

Package pgfplots notification 'compat/show suggested version=true': you might b
enefit from \pgfplotsset{compat=1.14} (current compat level: 1.10).

Package biblatex Info: XeTeX detected.
(biblatex)             Assuming input encoding 'utf8'.
Package biblatex Info: Data encoding 'utf8' specified.
(biblatex)             No need to reencode data.
\openout6 = `main_2.bcf'.

Package biblatex Info: Trying to load bibliographic data...
Package biblatex Info: ... file 'main_2.bbl' not found.
No file main_2.bbl.
Package biblatex Info: Reference section=0 on input line 30.
Package biblatex Info: Reference segment=0 on input line 30.
(main_2.nav)
LaTeX Font Info:    Font shape `EU1/lmss/m/it' in size <6> not available
(Font)              Font shape `EU1/lmss/m/sl' tried instead on input line 30.


! LaTeX Error: Environment textblock* undefined.

See the LaTeX manual or LaTeX Companion for explanation.
Type  H <return>  for immediate help.
 ...                                              
                                                  
l.31   \makeFrameTitle
                      
Your command was ignored.
Type  I <command> <return>  to replace it with another command,
or  <return>  to continue without it.

File: imag/LUIS.png Graphic file (type QTm)
<use  "imag/LUIS.png" >
File: imag/atlantida.png Graphic file (type QTm)
 <use  "imag/atlantida.png" >

! LaTeX Error: \begin{beamer@framepauses} on input line 31 ended by \end{textbl
ock*}.

See the LaTeX manual or LaTeX Companion for explanation.
Type  H <return>  for immediate help.
 ...                                              
                                                  
l.31   \makeFrameTitle
                      
Your command was ignored.
Type  I <command> <return>  to replace it with another command,
or  <return>  to continue without it.

[1



] (main_2.toc) [2

] [3

] [4

]
\openout2 = `RIESGOS_1.aux'.

 (RIESGOS_1.tex
LaTeX Font Info:    Font shape `EU1/lmss/bx/it' in size <10.95> not available
(Font)              Font shape `EU1/lmss/bx/sl' tried instead on input line 7.
 [5


] [6

] [7

] [8

] [9

] [10

] [11

])
[12


]
\openout2 = `00-INTRO_2.aux'.

 (00-INTRO_2.tex
LaTeX Font Info:    Try loading font information for U+msa on input line 16.

("C:\Users\lortiz.SECMCA\AppData\Local\Programs\MiKTeX 2.9\tex\latex\amsfonts\u
msa.fd"
File: umsa.fd 2013/01/14 v3.01 AMS symbols A
)
LaTeX Font Info:    Try loading font information for U+msb on input line 16.

("C:\Users\lortiz.SECMCA\AppData\Local\Programs\MiKTeX 2.9\tex\latex\amsfonts\u
msb.fd"
File: umsb.fd 2013/01/14 v3.01 AMS symbols B
)
LaTeX Font Info:    Try loading font information for U+wasy on input line 16.

("C:\Users\lortiz.SECMCA\AppData\Local\Programs\MiKTeX 2.9\tex\latex\wasysym\uw
asy.fd"
File: uwasy.fd 2003/10/30 v2.0 Wasy-2 symbol font definitions
) [13


] [14

] [15

]

! LaTeX Error: Lonely \item--perhaps a missing list environment.

See the LaTeX manual or LaTeX Companion for explanation.
Type  H <return>  for immediate help.
 ...                                              
                                                  
l.61 \end{frame}
                
Try typing  <return>  to proceed.
If that doesn't work, type  X <return>  to quit.


Underfull \hbox (badness 10000) detected at line 61
[][]
 []


! LaTeX Error: Lonely \item--perhaps a missing list environment.

See the LaTeX manual or LaTeX Companion for explanation.
Type  H <return>  for immediate help.
 ...                                              
                                                  
l.61 \end{frame}
                
Try typing  <return>  to proceed.
If that doesn't work, type  X <return>  to quit.


Underfull \hbox (badness 10000) detected at line 61
[][]
 []

[16

]
File: FIGURA_4.png Graphic file (type QTm)
 <use  "FIGURA_4.png" > [17

]
File: FIGURA_5.png Graphic file (type QTm)
 <use  "FIGURA_5.png" > [18

] [19

] [20

] [21

]
[22

] [23

])
\tf@nav=\write8
\openout8 = `main_2.nav'.

\tf@toc=\write9
\openout9 = `main_2.toc'.

\tf@snm=\write10
\openout10 = `main_2.snm'.

Package atveryend Info: Empty hook `BeforeClearDocument' on input line 40.
Package atveryend Info: Empty hook `AfterLastShipout' on input line 40.
 (main_2.aux (RIESGOS_1.aux) (00-INTRO_2.aux))
Package atveryend Info: Empty hook `AtVeryEndDocument' on input line 40.
Package atveryend Info: Empty hook `AtEndAfterFileList' on input line 40.
Package logreq Info: Writing requests to 'main_2.run.xml'.
\openout1 = `main_2.run.xml'.

 ) 
Here is how much of TeX's memory you used:
 58665 strings out of 428408
 1278999 string characters out of 3155260
 1881882 words of memory out of 3000000
 61153 multiletter control sequences out of 15000+200000
 15651 words of font info for 87 fonts, out of 3000000 for 9000
 1328 hyphenation exceptions out of 8191
 68i,16n,100p,10462b,3426s stack positions out of 5000i,500n,10000p,200000b,50000s

Output written on main_2.pdf (23 pages).
